[09/24/14 11:36:11] ../../../globOpt/scripts/run.sh 0.03 0.4 0.1 40 --freqweight 0.1 --angle-limit 0.4 --segment-scale-mult 1 --adopt 0 --dirbias 0 --cand-anglediv 1 --angle-gens 90 --cost-fn spatsqrt 
[09/24/14 13:23:03] ../../../globOpt/scripts/run.sh 0.03 0.4 0.1 40 --freqweight 100 --angle-limit 0.4 --segment-scale-mult 1 --adopt 0 --dirbias 0 --cand-anglediv 1 --angle-gens 90 --cost-fn spatsqrt 
[09/24/14 13:23:35] ../../../globOpt/scripts/run.sh 0.03 0.4 0.1 40 --freqweight 100 --angle-limit 0.4 --segment-scale-mult 1 --adopt 0 --dirbias 0 --cand-anglediv 1 --angle-gens 90 --cost-fn spatsqrt 
[09/24/14 13:24:05] ../../../globOpt/scripts/run.sh 0.03 0.4 0.1 40 --freqweight 100 --angle-limit 0.4 --segment-scale-mult 1 --adopt 0 --dirbias 0 --cand-anglediv 1 --angle-gens 90 --cost-fn spatsqrt 
[09/24/14 13:31:52] ../../../globOpt/scripts/run.sh 0.03 0.4 0.1 40 --freqweight 100 --angle-limit 0.4 --segment-scale-mult 1 --adopt 0 --dirbias 0 --cand-anglediv 1 --angle-gens 90 --cost-fn spatsqrt 
[09/24/14 13:33:22] ../../../globOpt/scripts/run.sh 0.03 0.4 0.1 40 --freqweight 100 --angle-limit 0.4 --segment-scale-mult 1 --adopt 0 --dirbias 1 --cand-anglediv 1 --angle-gens 90 --cost-fn spatsqrt 
[09/24/14 13:37:51] ../../../globOpt/scripts/run.sh 0.03 0.4 0.1 40 --freqweight 100 --angle-limit 0.4 --segment-scale-mult 1 --adopt 0 --dirbias 0 --cand-anglediv 1 --angle-gens 90 --cost-fn spatsqrt 
[09/24/14 13:39:23] ../../../globOpt/scripts/run.sh 0.03 0.4 10 40 --freqweight 100 --angle-limit 0.4 --segment-scale-mult 1 --adopt 0 --dirbias 0 --cand-anglediv 1 --angle-gens 90 --cost-fn spatsqrt 
[09/24/14 13:39:45] ../../../globOpt/scripts/run.sh 0.03 0.4 5 40 --freqweight 100 --angle-limit 0.4 --segment-scale-mult 1 --adopt 0 --dirbias 0 --cand-anglediv 1 --angle-gens 90 --cost-fn spatsqrt 
[09/24/14 13:40:04] ../../../globOpt/scripts/run.sh 0.03 0.4 2 40 --freqweight 100 --angle-limit 0.4 --segment-scale-mult 1 --adopt 0 --dirbias 0 --cand-anglediv 1 --angle-gens 90 --cost-fn spatsqrt 
[09/24/14 13:42:33] ../../../globOpt/scripts/run.sh 0.03 0.4 2 40 --freqweight 1 --angle-limit 0.4 --segment-scale-mult 1 --adopt 0 --dirbias 0 --cand-anglediv 1 --angle-gens 90 --cost-fn spatsqrt 
[09/24/14 13:43:05] ../../../globOpt/scripts/run.sh 0.03 0.4 2 40 --freqweight 1 --angle-limit 0.4 --segment-scale-mult 1 --adopt 0 --dirbias 0 --cand-anglediv 1 --angle-gens 90 --cost-fn spatsqrt 
[09/24/14 13:43:19] ../../../globOpt/scripts/run.sh 0.03 0.4 2 40 --freqweight 100 --angle-limit 0.4 --segment-scale-mult 1 --adopt 0 --dirbias 0 --cand-anglediv 1 --angle-gens 90 --cost-fn spatsqrt 
[09/24/14 13:59:06] ../../../globOpt/scripts/run.sh 0.03 0.4 2 40 --freqweight 100 --angle-limit 0.4 --segment-scale-mult 1 --adopt 0 --dirbias 0 --cand-anglediv 1 --angle-gens 72,90 --cost-fn spatsqrt 
[09/24/14 13:59:46] ../../../globOpt/scripts/run.sh 0.03 0.4 2 40 --freqweight 100 --angle-limit 0.4 --segment-scale-mult 1 --adopt 0 --dirbias 0 --cand-anglediv 1 --angle-gens 90 --cost-fn spatsqrt 
[09/24/14 14:34:41] ../../../globOpt/scripts/run.sh 0.03 0.4 2 40 --freqweight 10 --angle-limit 0.4 --segment-scale-mult 1 --adopt 0 --dirbias 0 --cand-anglediv 1 --angle-gens 90 --cost-fn spatsqrt 
[09/24/14 14:35:01] ../../../globOpt/scripts/run.sh 0.03 0.4 1 40 --freqweight 10 --angle-limit 0.4 --segment-scale-mult 1 --adopt 0 --dirbias 0 --cand-anglediv 1 --angle-gens 90 --cost-fn spatsqrt 
[09/24/14 11:55:28] ../../../globOpt/scripts/run.sh 0.03 0.4 0.1 40 --freqweight 0.1 --angle-limit 0.4 --segment-scale-mult 1 --adopt 0 --dirbias 0 --cand-anglediv 1 --angle-gens 90 --cost-fn spatsqrt 
[09/24/14 11:57:23] ../../../globOpt/scripts/run.sh 0.03 0.4 0.1 40 --freqweight 0.1 --angle-limit 0.4 --segment-scale-mult 1 --adopt 0 --dirbias 0 --cand-anglediv 1 --angle-gens 90 --cost-fn spatsqrt 
[09/24/14 12:00:30] ../../../globOpt/scripts/run.sh 0.03 0.4 0.1 40 --freqweight 0.1 --angle-limit 0.4 --segment-scale-mult 1 --adopt 0 --dirbias 0 --cand-anglediv 1 --angle-gens 90 --cost-fn spatsqrt 
[09/24/14 12:03:12] ../../../globOpt/scripts/run.sh 0.03 0.4 0.1 40 --freqweight 0 --angle-limit 0.4 --segment-scale-mult 1 --adopt 0 --dirbias 0 --cand-anglediv 1 --angle-gens 90 --cost-fn spatsqrt 
[09/24/14 12:04:28] ../../../globOpt/scripts/run.sh 0.03 0.4 0.1 40 -h --freqweight 0.5 --angle-limit 0.4 --segment-scale-mult 1 --adopt 0 --dirbias 0 --cand-anglediv 1 --angle-gens 90 --cost-fn spatsqrt 
[09/24/14 12:04:54] ../../../globOpt/scripts/run.sh 0.03 0.4 0.1 10 -h --freqweight 0.5 --angle-limit 0.4 --segment-scale-mult 1 --adopt 0 --dirbias 0 --cand-anglediv 1 --angle-gens 90 --cost-fn spatsqrt 
[09/24/14 12:04:57] ../../../globOpt/scripts/run.sh 0.03 0.4 0.1 10 --freqweight 0.5 --angle-limit 0.4 --segment-scale-mult 1 --adopt 0 --dirbias 0 --cand-anglediv 1 --angle-gens 90 --cost-fn spatsqrt 
[09/24/14 12:05:40] ../../../globOpt/scripts/run.sh 0.03 0.4 0.1 10 --freqweight 0.5 --angle-limit 0.4 --segment-scale-mult 1 --adopt 0 --dirbias 0 --cand-anglediv 1 --angle-gens 90 --cost-fn spatsqrt 
[09/24/14 12:06:57] ../../../globOpt/scripts/run.sh 0.03 0.4 0.1 30 --freqweight 0.5 --angle-limit 0.4 --segment-scale-mult 1 --adopt 0 --dirbias 0 --cand-anglediv 1 --angle-gens 90 --cost-fn spatsqrt 
[09/24/14 12:07:24] ../../../globOpt/scripts/run.sh 0.03 0.4 0.1 30 --freqweight 0.1 --angle-limit 0.4 --segment-scale-mult 1 --adopt 0 --dirbias 0 --cand-anglediv 1 --angle-gens 90 --cost-fn spatsqrt 
[09/24/14 21:02:30] ../../../globOpt/scripts/run.sh 0.03 0.4 1 40 --freqweight 10 --angle-limit 0.4 --segment-scale-mult 1 --adopt 0 --dirbias 0 --cand-anglediv 1 --angle-gens 90 --cost-fn spatsqrt --small-thresh 10 --small-thresh-limit 
[09/24/14 17:32:02] ../../../globOpt/scripts/run.sh 0.03 0.4 1 40 --freqweight 10 --angle-limit 0.4 --segment-scale-mult 1 --adopt 0 --dirbias 0 --cand-anglediv 1 --angle-gens 90 --cost-fn spatsqrt --small-thresh 10 --small-thresh-limit 
[09/24/14 17:32:56] ../../../globOpt/scripts/run.sh 0.03 0.4 0.1 40 --freqweight 10 --angle-limit 0.4 --segment-scale-mult 1 --adopt 0 --dirbias 0 --cand-anglediv 1 --angle-gens 90 --cost-fn spatsqrt --small-thresh 10 --small-thresh-limit 
[09/24/14 17:38:10] ../../../globOpt/scripts/run.sh 0.03 0.4 0.01 40 --freqweight 10 --angle-limit 0.4 --segment-scale-mult 1 --adopt 0 --dirbias 0 --cand-anglediv 1 --angle-gens 90 --cost-fn spatsqrt --small-thresh 10 --small-thresh-limit 
[09/24/14 17:38:27] ../../../globOpt/scripts/run.sh 0.03 0.4 0.1 40 --freqweight 10 --angle-limit 0.4 --segment-scale-mult 1 --adopt 0 --dirbias 0 --cand-anglediv 1 --angle-gens 90 --cost-fn spatsqrt --small-thresh 10 --small-thresh-limit 
[09/24/14 17:38:53] ../../../globOpt/scripts/run.sh 0.03 0.4 0.01 40 --freqweight 10 --angle-limit 0.4 --segment-scale-mult 1 --adopt 0 --dirbias 0 --cand-anglediv 1 --angle-gens 90 --cost-fn spatsqrt --small-thresh 10 --small-thresh-limit 
[09/24/14 20:51:55] ../../../globOpt/scripts/run.sh 0.03 0.4 0.01 40 --freqweight 10 --angle-limit 0.4 --segment-scale-mult 1 --adopt 0 --dirbias 0 --cand-anglediv 1 --angle-gens 90 --cost-fn spatsqrt --small-thresh 10 --small-thresh-limit 
[09/24/14 20:58:19] ../../../globOpt/scripts/run.sh 0.03 0.4 0.01 40 --freqweight 10 --angle-limit 0.4 --segment-scale-mult 1 --adopt 0 --dirbias 0 --cand-anglediv 1 --angle-gens 90 --cost-fn spatsqrt --small-thresh 10 --small-thresh-limit 
[09/24/14 20:59:25] ../../../globOpt/scripts/run.sh 0.03 0.4 0.01 40 --freqweight 10 --angle-limit 0.4 --segment-scale-mult 1 --adopt 0 --dirbias 0 --cand-anglediv 1 --angle-gens 90 --cost-fn spatsqrt --small-thresh 10 --small-thresh-limit 
[09/24/14 21:00:43] ../../../globOpt/scripts/run.sh 0.03 0.4 0.01 40 --freqweight 10 --angle-limit 0.4 --segment-scale-mult 1 --adopt 0 --dirbias 0 --cand-anglediv 1 --angle-gens 90 --cost-fn spatsqrt --small-thresh 10 --small-thresh-limit 
[09/24/14 21:27:33] ../../../globOpt/scripts/run.sh 0.03 0.4 0.01 40 --freqweight 10 --angle-limit 0.4 --segment-scale-mult 1 --adopt 0 --dirbias 0 --cand-anglediv 1 --angle-gens 90 --cost-fn spatsqrt --small-thresh 10 --small-thresh-limit 
[09/24/14 22:20:38] ../../../globOpt/scripts/run.sh 0.03 0.4 0.01 40 --freqweight 10 --angle-limit 0.4 --segment-scale-mult 1 --adopt 0 --dirbias 0 --cand-anglediv 1 --angle-gens 90 --cost-fn spatsqrt --small-thresh 10 --small-thresh-limit [09/24/14 22:27:41] ../../../globOpt/scripts/run.sh 0.03 0.4 1 40 --freqweight 10 --angle-limit 0.4 --segment-scale-mult 1 --adopt 0 --dirbias 0 --cand-anglediv 1 --angle-gens 90 --cost-fn spatsqrt --small-thresh 10 --small-thresh-limit 
[09/24/14 22:33:49] ../../../globOpt/scripts/run.sh 0.03 0.4 1 40 --freqweight 10 --angle-limit 0.4 --segment-scale-mult 1 --adopt 0 --dirbias 0 --cand-anglediv 1 --angle-gens 90 --cost-fn spatsqrt --small-thresh 10 --small-thresh-limit 
[09/24/14 22:34:42] ../../../globOpt/scripts/run.sh 0.03 0.4 1 40 --freqweight 10 --angle-limit 0.4 --segment-scale-mult 1 --adopt 0 --dirbias 0 --cand-anglediv 1 --angle-gens 90 --cost-fn spatsqrt --small-thresh 10 --small-thresh-limit 
[09/24/14 22:35:47] ../../../globOpt/scripts/run.sh 0.03 0.4 0.01 40 --freqweight 10 --angle-limit 0.4 --segment-scale-mult 1 --adopt 0 --dirbias 0 --cand-anglediv 1 --angle-gens 90 --cost-fn spatsqrt --small-thresh 10 --small-thresh-limit 
[09/24/14 22:41:04] ../../../globOpt/scripts/run.sh 0.03 0.4 0.1 40 --freqweight 10 --angle-limit 0.4 --segment-scale-mult 1 --adopt 0 --dirbias 0 --cand-anglediv 1 --angle-gens 90 --cost-fn spatsqrt --small-thresh 10 --small-thresh-limit 
[09/25/14 00:06:22] ../../../globOpt/scripts/run.sh 0.03 0.4 0.1 40 --freqweight 10 --angle-limit 0.4 --segment-scale-mult 1 --adopt 0 --dirbias 0 --cand-anglediv 1 --angle-gens 60 --cost-fn spatsqrt --small-thresh 10 --small-thresh-limit 
[09/25/14 00:06:37] ../../../globOpt/scripts/run.sh 0.03 0.4 1 40 --freqweight 10 --angle-limit 0.4 --segment-scale-mult 1 --adopt 0 --dirbias 0 --cand-anglediv 1 --angle-gens 60 --cost-fn spatsqrt --small-thresh 10 --small-thresh-limit 
[09/25/14 00:06:59] ../../../globOpt/scripts/run.sh 0.03 0.4 1 40 --freqweight 10 --angle-limit 0.4 --segment-scale-mult 1 --adopt 0 --dirbias 0 --cand-anglediv 1 --angle-gens 90 --cost-fn spatsqrt --small-thresh 10 --small-thresh-limit 
[09/25/14 00:07:10] ../../../globOpt/scripts/run.sh 0.03 0.4 0.1 40 --freqweight 10 --angle-limit 0.4 --segment-scale-mult 1 --adopt 0 --dirbias 0 --cand-anglediv 1 --angle-gens 90 --cost-fn spatsqrt --small-thresh 10 --small-thresh-limit 
[09/25/14 20:30:27] ../../../globOpt/scripts/run.sh 0.03 0.4 0.1 40 --freqweight 10 --angle-limit 0.4 --segment-scale-mult 1 --adopt 0 --dirbias 0 --cand-anglediv 1 --angle-gens 90 --cost-fn spatsqrt --small-thresh 12 --small-thresh-limit 
[09/25/14 20:31:02] ../../../globOpt/scripts/run.sh 0.01 0.4 0.1 40 --freqweight 10 --angle-limit 0.4 --segment-scale-mult 1 --adopt 0 --dirbias 0 --cand-anglediv 1 --angle-gens 90 --cost-fn spatsqrt --small-thresh 12 --small-thresh-limit 
[09/25/14 20:31:09] ../../../globOpt/scripts/run.sh 0.02 0.2 0.1 40 --freqweight 10 --angle-limit 0.2 --segment-scale-mult 1 --adopt 0 --dirbias 0 --cand-anglediv 1 --angle-gens 90 --cost-fn spatsqrt --small-thresh 12 --small-thresh-limit 
[09/25/14 20:32:00] ../../../globOpt/scripts/run.sh 0.025 0.2 0.1 40 --freqweight 10 --angle-limit 0.2 --segment-scale-mult 1 --adopt 0 --dirbias 0 --cand-anglediv 1 --angle-gens 90 --cost-fn spatsqrt --small-thresh 12 --small-thresh-limit 
[09/25/14 20:32:47] ../../../globOpt/scripts/run.sh 0.025 0.3 0.1 40 --freqweight 10 --angle-limit 0.3 --segment-scale-mult 1 --adopt 0 --dirbias 0 --cand-anglediv 1 --angle-gens 90 --cost-fn spatsqrt --small-thresh 12 --small-thresh-limit 
[09/25/14 20:36:21] ../../../globOpt/scripts/run.sh 0.025 0.3 0.1 40 --freqweight 10 --angle-limit 0.3 --segment-scale-mult 1 --adopt 0 --dirbias 0 --cand-anglediv 1 --angle-gens 90 --cost-fn spatsqrt --small-thresh 12 --small-thresh-limit 
[09/25/14 21:29:11] ../../../globOpt/scripts/run.sh 0.025 0.3 0.1 40 --freqweight 10 --angle-limit 0.3 --segment-scale-mult 1 --adopt 0 --dirbias 0 --cand-anglediv 1 --angle-gens 90 --cost-fn spatsqrt --small-thresh 12 --small-thresh-limit 
[09/25/14 21:31:07] ../../../globOpt/scripts/run.sh 0.025 0.3 0.1 40 --freqweight 10 --angle-limit 0.3 --segment-scale-mult 1 --adopt 0 --dirbias 0 --cand-anglediv 1 --angle-gens 90 --cost-fn spatsqrt --small-thresh 12 --small-thresh-limit 
[09/25/14 21:31:31] ../../../globOpt/scripts/run.sh 0.025 0.3 0.1 40 --freqweight 10 --angle-limit 0.3 --segment-scale-mult 1 --adopt 0 --dirbias 0 --cand-anglediv 1 --angle-gens 90 --cost-fn spatsqrt --small-thresh 12 --small-thresh-limit 
[09/25/14 21:35:57] ../../../globOpt/scripts/run.sh 0.025 0.3 0.1 40 --freqweight 10 --angle-limit 0.3 --segment-scale-mult 1 --adopt 0 --dirbias 0 --cand-anglediv 1 --angle-gens 90 --cost-fn spatsqrt --small-thresh 12 --small-thresh-limit 
[09/25/14 21:36:04] ../../../globOpt/scripts/run.sh 0.025 0.3 0.1 40 --freqweight 10 --angle-limit 0.3 --segment-scale-mult 1 --adopt 0 --dirbias 0 --cand-anglediv 1 --angle-gens 90 --cost-fn spatsqrt --small-thresh 12 --small-thresh-limit 
[09/25/14 21:39:38] ../../../globOpt/scripts/run.sh 0.025 0.3 0.1 40 --freqweight 10 --angle-limit 0.3 --segment-scale-mult 1 --adopt 0 --dirbias 0 --cand-anglediv 1 --angle-gens 90 --cost-fn spatsqrt --small-thresh 12 --small-thresh-limit 
[09/25/14 21:40:41] ../../../globOpt/scripts/run.sh 0.03 0.3 0.1 40 --freqweight 10 --angle-limit 0.3 --segment-scale-mult 1 --adopt 0 --dirbias 0 --cand-anglediv 1 --angle-gens 90 --cost-fn spatsqrt --small-thresh 12 --small-thresh-limit 
[09/25/14 21:41:38] ../../../globOpt/scripts/run.sh 0.03 0.3 0.1 40 --freqweight 10 --angle-limit 0.3 --segment-scale-mult 1 --adopt 0 --dirbias 0 --cand-anglediv 1 --angle-gens 90 --cost-fn spatsqrt --small-thresh 12 --small-thresh-limit 
[09/25/14 21:42:05] ../../../globOpt/scripts/run.sh 0.03 0.3 10 40 --freqweight 10 --angle-limit 0.3 --segment-scale-mult 1 --adopt 0 --dirbias 0 --cand-anglediv 1 --angle-gens 90 --cost-fn spatsqrt --small-thresh 12 --small-thresh-limit 
[09/25/14 21:42:41] ../../../globOpt/scripts/run.sh 0.03 0.3 2 40 --freqweight 10 --angle-limit 0.3 --segment-scale-mult 1 --adopt 0 --dirbias 0 --cand-anglediv 1 --angle-gens 90 --cost-fn spatsqrt --small-thresh 12 --small-thresh-limit 
[09/25/14 21:53:20] ../../../globOpt/scripts/run.sh 0.03 0.3 2 40 --freqweight 10 --angle-limit 0.3 --segment-scale-mult 1 --adopt 0 --dirbias 0 --cand-anglediv 1 --angle-gens 90 --cost-fn spatsqrt --small-thresh 5 --small-thresh-limit 
[09/25/14 21:53:47] ../../../globOpt/scripts/run.sh 0.03 0.3 2 40 --freqweight 10 --angle-limit 0.3 --segment-scale-mult 1 --adopt 0 --dirbias 0 --cand-anglediv 1 --angle-gens 90 --cost-fn spatsqrt --small-thresh 2 --small-thresh-limit 
[09/25/14 21:54:41] ../../../globOpt/scripts/run.sh 0.03 0.3 1.5 40 --freqweight 10 --angle-limit 0.3 --segment-scale-mult 1 --adopt 0 --dirbias 0 --cand-anglediv 1 --angle-gens 90 --cost-fn spatsqrt --small-thresh 2 --small-thresh-limit 
[09/25/14 21:57:01] ../../../globOpt/scripts/run.sh 0.04 0.4 2 40 --freqweight 10 --angle-limit 0.4 --segment-scale-mult 1 --adopt 0 --dirbias 0 --cand-anglediv 1 --angle-gens 90 --cost-fn spatsqrt --small-thresh 2 --small-thresh-limit 
