[09/26/14 01:25:09] ../run.sh 0.05 0.2 0.05 20 3D --freqweight 10 --angle-limit 0.2 --segment-scale-mult 1 --adopt 0 --dirbias 0 --cand-anglediv 1 --angle-gens 90 --cost-fn spatsqrt --small-thresh 2 --small-thresh-limit 
[09/26/14 01:36:44] ../run.sh 0.05 0.2 0.05 20 3D --freqweight 10 --angle-limit 0.2 --segment-scale-mult 1 --adopt 0 --dirbias 0 --cand-anglediv 1 --angle-gens 90 --cost-fn spatsqrt --small-thresh 2 --small-thresh-limit 
[09/26/14 01:37:19] ../run.sh 0.005 0.3 0.05 20 3D --freqweight 10 --angle-limit 0.3 --segment-scale-mult 1 --adopt 0 --dirbias 0 --cand-anglediv 1 --angle-gens 90 --cost-fn spatsqrt --small-thresh 2 --small-thresh-limit 
[09/26/14 01:38:28] ../run.sh 0.005 0.3 0.05 20 3D --freqweight 10 --angle-limit 0.3 --segment-scale-mult 2 --adopt 0 --dirbias 0 --cand-anglediv 10 --angle-gens 90 --cost-fn spatsqrt --small-thresh 32 --small-thresh-limit 
[09/26/14 01:39:11] ../run.sh 0.005 0.3 0.05 20 3D --freqweight 10 --angle-limit 0.3 --segment-scale-mult 1.5 --adopt 0 --dirbias 0 --cand-anglediv 10 --angle-gens 90 --cost-fn spatsqrt --small-thresh 48 --small-thresh-limit 
[09/26/14 08:27:22] ../run.sh 0.005 0.3 0.05 20 3D --freqweight 10 --angle-limit 0.3 --segment-scale-mult 1.5 --adopt 0 --dirbias 0 --cand-anglediv 10 --angle-gens 90 --cost-fn spatsqrt --small-thresh 48 --small-thresh-limit 
[09/26/14 08:28:03] ../run.sh 0.005 0.3 0.05 20 3D --freqweight 10 --angle-limit 0.3 --segment-scale-mult 1.5 --adopt 0 --dirbias 0 --cand-anglediv 10 --angle-gens 90 --cost-fn spatsqrt --small-thresh 48 --small-thresh-limit 
[09/26/14 08:30:56] ../run.sh 0.005 0.3 0.05 20 3D --freqweight 10 --angle-limit 0.3 --segment-scale-mult 1.5 --adopt 0 --dirbias 0 --cand-anglediv 10 --angle-gens 90 --cost-fn spatsqrt --small-thresh 48 --small-thresh-limit 
[09/26/14 08:33:13] ../run.sh 0.005 0.3 0.05 20 3D --freqweight 10 --angle-limit 0.3 --segment-scale-mult 1.5 --adopt 0 --dirbias 0 --cand-anglediv 10 --angle-gens 90 --cost-fn spatsqrt --small-thresh 56 --small-thresh-limit 
[09/26/14 08:36:12] ../run.sh 0.005 0.3 0.05 20 3D --freqweight 10 --angle-limit 0.3 --segment-scale-mult 1.5 --adopt 0 --dirbias 0 --cand-anglediv 10 --angle-gens 90 --cost-fn spatsqrt --small-thresh 56 --small-thresh-limit 
[09/26/14 08:38:32] ../run.sh 0.005 0.3 0.05 20 3D --freqweight 10 --angle-limit 0.3 --segment-scale-mult 1.5 --adopt 0 --dirbias 0 --cand-anglediv 10 --angle-gens 90 --cost-fn spatsqrt --small-thresh 56 --small-thresh-limit 
[09/26/14 08:45:53] ../run.sh 0.005 0.3 0.05 20 3D --freqweight 10 --angle-limit 0.3 --segment-scale-mult 1.5 --adopt 0 --dirbias 0 --cand-anglediv 10 --angle-gens 90 --cost-fn spatsqrt --small-thresh 56 --small-thresh-limit 
[09/26/14 08:47:25] ../run.sh 0.005 0.3 0.05 20 3D --freqweight 10 --angle-limit 0.3 --segment-scale-mult 1.5 --adopt 0 --dirbias 0 --cand-anglediv 10 --angle-gens 90 --cost-fn spatsqrt --small-thresh 56 --small-thresh-limit 
[09/26/14 08:50:01] ../run.sh 0.005 0.3 0.05 20 3D --freqweight 10 --angle-limit 0.3 --segment-scale-mult 1.5 --adopt 0 --dirbias 0 --cand-anglediv 10 --angle-gens 90 --cost-fn spatsqrt --small-thresh 56 --small-thresh-limit 
[09/26/14 08:51:24] ../run.sh 0.005 0.3 0.05 20 3D --freqweight 10 --angle-limit 0.3 --segment-scale-mult 1.5 --adopt 0 --dirbias 0 --cand-anglediv 10 --angle-gens 90 --cost-fn spatsqrt --small-thresh 56 --small-thresh-limit 
[09/26/14 08:59:19] ../run.sh 0.005 0.3 0.05 20 3D --freqweight 10 --angle-limit 0.3 --segment-scale-mult 1.5 --adopt 0 --dirbias 0 --cand-anglediv 10 --angle-gens 90 --cost-fn spatsqrt --small-thresh 56 --small-thresh-limit 
[09/26/14 08:59:38] ../run.sh 0.005 0.3 0.05 20 3D --freqweight 10 --angle-limit 0.3 --segment-scale-mult 1.5 --adopt 0 --dirbias 0 --cand-anglediv 10 --angle-gens 90 --cost-fn spatsqrt --small-thresh 56 --small-thresh-limit 
[09/26/14 09:00:03] ../run.sh 0.005 0.3 0.05 20 3D --freqweight 10 --angle-limit 0.3 --segment-scale-mult 1.5 --adopt 0 --dirbias 0 --cand-anglediv 10 --angle-gens 90 --cost-fn spatsqrt --small-thresh 56 --small-thresh-limit 
[09/26/14 09:00:20] ../run.sh 0.005 0.3 0.05 20 3D --freqweight 10 --angle-limit 0.3 --segment-scale-mult 1.5 --adopt 0 --dirbias 0 --cand-anglediv 10 --angle-gens 90 --cost-fn spatsqrt --small-thresh 56 --small-thresh-limit 
[09/26/14 09:00:28] ../run.sh 0.005 0.3 0.05 20 3D --freqweight 10 --angle-limit 0.3 --segment-scale-mult 1.5 --adopt 0 --dirbias 0 --cand-anglediv 10 --angle-gens 90 --cost-fn spatsqrt --small-thresh 56 --small-thresh-limit 
[09/26/14 09:00:43] ../run.sh 0.005 0.3 0.05 20 3D --freqweight 10 --angle-limit 0.3 --segment-scale-mult 1.5 --adopt 0 --dirbias 0 --cand-anglediv 10 --angle-gens 90 --cost-fn spatsqrt --small-thresh 56 --small-thresh-limit 
[09/26/14 09:00:52] ../run.sh 0.005 0.3 0.05 20 3D --freqweight 10 --angle-limit 0.3 --segment-scale-mult 1.5 --adopt 0 --dirbias 0 --cand-anglediv 10 --angle-gens 90 --cost-fn spatsqrt --small-thresh 56 --small-thresh-limit 
[09/26/14 09:01:01] ../run.sh 0.005 0.3 0.05 20 3D --freqweight 10 --angle-limit 0.3 --segment-scale-mult 1.5 --adopt 0 --dirbias 0 --cand-anglediv 10 --angle-gens 90 --cost-fn spatsqrt --small-thresh 56 --small-thresh-limit 
[09/26/14 09:03:27] ../run.sh 0.005 0.3 0.05 20 3D --freqweight 10 --angle-limit 0.3 --segment-scale-mult 1.5 --adopt 0 --dirbias 0 --cand-anglediv 10 --angle-gens 90 --cost-fn spatsqrt --small-thresh 56 --small-thresh-limit 
[09/26/14 09:03:37] ../run.sh 0.005 0.3 0.05 20 3D --freqweight 10 --angle-limit 0.3 --segment-scale-mult 1.5 --adopt 0 --dirbias 0 --cand-anglediv 10 --angle-gens 90 --cost-fn spatsqrt --small-thresh 56 --small-thresh-limit 
[09/26/14 09:04:08] ../run.sh 0.005 0.3 0.05 20 3D --freqweight 10 --angle-limit 0.3 --segment-scale-mult 1.5 --adopt 0 --dirbias 0 --cand-anglediv 10 --angle-gens 90 --cost-fn spatsqrt --small-thresh 56 --small-thresh-limit 
[09/26/14 09:04:10] ../run.sh 0.005 0.3 0.05 20 3D --freqweight 10 --angle-limit 0.3 --segment-scale-mult 1.5 --adopt 0 --dirbias 0 --cand-anglediv 10 --angle-gens 90 --cost-fn spatsqrt --small-thresh 56 --small-thresh-limit 
[09/26/14 09:04:14] ../run.sh 0.005 0.3 0.05 20 3D --freqweight 10 --angle-limit 0.3 --segment-scale-mult 1.5 --adopt 0 --dirbias 0 --cand-anglediv 10 --angle-gens 90 --cost-fn spatsqrt --small-thresh 56 --small-thresh-limit 
[09/26/14 09:07:03] ../run.sh 0.005 0.3 0.05 20 3D --freqweight 10 --angle-limit 0.3 --segment-scale-mult 1.5 --adopt 0 --dirbias 0 --cand-anglediv 10 --angle-gens 90 --cost-fn spatsqrt --small-thresh 56 --small-thresh-limit 
[09/26/14 09:10:45] ../run.sh 0.005 0.3 0.05 20 3D --freqweight 10 --angle-limit 0.3 --segment-scale-mult 1.5 --adopt 0 --dirbias 0 --cand-anglediv 10 --angle-gens 90 --cost-fn spatsqrt --small-thresh 56 --small-thresh-limit 
[09/26/14 09:11:19] ../run.sh 0.005 0.3 0.05 20 3D --freqweight 10 --angle-limit 0.3 --segment-scale-mult 1.5 --adopt 0 --dirbias 0 --cand-anglediv 10 --angle-gens 90 --cost-fn spatsqrt --small-thresh 56 --small-thresh-limit 
[09/26/14 09:22:43] ../run.sh 0.005 0.3 1 20 3D --freqweight 10 --angle-limit 0.3 --segment-scale-mult 1 --adopt 0 --dirbias 0 --cand-anglediv 100 --angle-gens 90 --cost-fn spatsqrt --small-thresh 64 --small-thresh-limit 
[09/26/14 09:39:15] ../run.sh 0.003 0.3 1 20 3D --freqweight 100 --angle-limit 0.3 --segment-scale-mult 1 --adopt 0 --dirbias 0 --cand-anglediv 100 --angle-gens 90 --cost-fn spatsqrt --small-thresh 64 --small-thresh-limit 
[09/26/14 09:41:44] ../run.sh 0.003 0.3 1 20 3D --freqweight 100 --angle-limit 0.3 --segment-scale-mult 1.5 --adopt 0 --dirbias 0 --cand-anglediv 100 --angle-gens 90 --cost-fn spatsqrt --small-thresh 64 --small-thresh-limit 
[09/26/14 18:13:59] ../run.sh 0.003 0.3 1 20 3D --freqweight 100 --angle-limit 0.3 --segment-scale-mult 1.25 --adopt 0 --dirbias 1 --cand-anglediv 5 --angle-gens 90 --cost-fn spatsqrt --small-thresh 128 --small-thresh-limit smallThreshDiv 2 
[09/26/14 18:15:04] ../run.sh 0.003 0.3 10 20 3D --freqweight 100 --angle-limit 0.3 --segment-scale-mult 1 --adopt 0 --dirbias 1 --cand-anglediv 5 --angle-gens 90 --cost-fn spatsqrt --small-thresh 64 --small-thresh-limit smallThreshDiv 2 
[09/26/14 18:32:11] ../run.sh 0.003 0.3 10 20 3D --freqweight 100 --angle-limit 0.3 --segment-scale-mult 1 --adopt 0 --dirbias 1 --cand-anglediv 5 --angle-gens 90 --cost-fn spatsqrt --small-thresh 64 --small-thresh-limit smallThreshDiv 2 
[09/26/14 18:33:27] ../run.sh 0.003 0.1 10 20 3D --freqweight 100 --angle-limit 0.1 --segment-scale-mult 1 --adopt 0 --dirbias 1 --cand-anglediv 5 --angle-gens 90 --cost-fn spatsqrt --small-thresh 64 --small-thresh-limit smallThreshDiv 2 
[09/26/14 18:33:47] ../run.sh 0.001 0.2 10 20 3D --freqweight 100 --angle-limit 0.2 --segment-scale-mult 1 --adopt 0 --dirbias 1 --cand-anglediv 5 --angle-gens 90 --cost-fn spatsqrt --small-thresh 64 --small-thresh-limit smallThreshDiv 2 
[09/26/14 18:34:17] ../run.sh 0.001 0.2 10 20 3D --freqweight 100 --angle-limit 0.2 --segment-scale-mult 1 --adopt 0 --dirbias 1 --cand-anglediv 5 --angle-gens 90 --cost-fn spatsqrt --small-thresh 64 --small-thresh-limit smallThreshDiv 2 
[09/26/14 18:34:31] ../run.sh 0.001 0.2 10 20 3D --freqweight 100 --angle-limit 0.2 --segment-scale-mult 1 --adopt 0 --dirbias 1 --cand-anglediv 5 --angle-gens 90 --cost-fn spatsqrt --small-thresh 64 --small-thresh-limit smallThreshDiv 2 
[09/26/14 18:34:53] ../run.sh 0.003 0.1 10 20 3D --freqweight 100 --angle-limit 0.1 --segment-scale-mult 1 --adopt 0 --dirbias 1 --cand-anglediv 5 --angle-gens 90 --cost-fn spatsqrt --small-thresh 64 --small-thresh-limit smallThreshDiv 2 
[09/26/14 18:50:09] ../run.sh 0.003 0.1 10 20 3D --freqweight 100 --angle-limit 0.1 --segment-scale-mult 1 --adopt 0 --dirbias 1 --cand-anglediv 5 --angle-gens 90 --cost-fn spatsqrt --small-thresh 64 --small-thresh-limit smallThreshDiv 2 
[09/26/14 18:50:32] ../run.sh 0.001 0.1 10 20 3D --freqweight 100 --angle-limit 0.1 --segment-scale-mult 1 --adopt 0 --dirbias 1 --cand-anglediv 5 --angle-gens 90 --cost-fn spatsqrt --small-thresh 64 --small-thresh-limit smallThreshDiv 2 
[09/26/14 18:50:45] ../run.sh 0.002 0.1 10 20 3D --freqweight 100 --angle-limit 0.1 --segment-scale-mult 1 --adopt 0 --dirbias 1 --cand-anglediv 5 --angle-gens 90 --cost-fn spatsqrt --small-thresh 64 --small-thresh-limit smallThreshDiv 2 
[09/26/14 18:58:45] ../run.sh 0.0025 0.1 10 20 3D --freqweight 100 --angle-limit 0.1 --segment-scale-mult 1 --adopt 0 --dirbias 1 --cand-anglediv 5 --angle-gens 90 --cost-fn spatsqrt --small-thresh 64 --small-thresh-limit smallThreshDiv 1.7 
[09/26/14 19:07:48] ../run.sh 0.0025 0.1 10 20 3D --freqweight 100 --angle-limit 0.1 --segment-scale-mult 1 --adopt 0 --dirbias 1 --cand-anglediv 5 --angle-gens 90 --cost-fn spatsqrt --small-thresh 64 --small-thresh-limit smallThreshDiv 1.7 
[09/26/14 19:08:07] ../run.sh 0.0025 0.1 10 20 3D --freqweight 100 --angle-limit 0.1 --segment-scale-mult 1 --adopt 0 --dirbias 1 --cand-anglediv 5 --angle-gens 90 --cost-fn spatsqrt --small-thresh 64 --small-thresh-limit smallThreshDiv 1.7 
[09/26/14 19:42:45] ../run.sh 0.0025 0.1 10 20 3D --freqweight 100 --angle-limit 0.1 --segment-scale-mult 1 --adopt 0 --dirbias 1 --cand-anglediv 10 --angle-gens 90 --cost-fn spatsqrt --small-thresh 64 --small-thresh-limit smallThreshDiv 1.7 
[01/07/15 10:40:10] ../run.sh 0.0025 0.1 10 20 3D 256 --no-clusters  --spat-weight 10 --trunc-angle 0.1 --freqweight 0 --angle-limit 0.1 --segment-scale-mult 1 --adopt 0 --dirbias 0 --cand-anglediv 1 --angle-gens 90 --cost-fn spatsqrt --small-thresh 256 --small-thresh-limit --smallThreshDiv 2 
[01/07/15 11:49:30] ../run.sh 0.0025 0.1 10 20 3D 256 --no-clusters  --spat-weight 10 --trunc-angle 0.1 --freqweight 0 --angle-limit 0.1 --segment-scale-mult 1 --adopt 0 --dirbias 0 --cand-anglediv 1 --angle-gens 90 --cost-fn spatsqrt --small-thresh 256 --small-thresh-limit --smallThreshDiv 2 
[01/07/15 11:57:06] ../run.sh 0.005 0.1 10 20 3D 256 --no-clusters  --spat-weight 10 --trunc-angle 0.1 --freqweight 0 --angle-limit 0.1 --segment-scale-mult 1 --adopt 0 --dirbias 0 --cand-anglediv 1 --angle-gens 90 --cost-fn spatsqrt --small-thresh 256 --small-thresh-limit --smallThreshDiv 2 
[01/07/15 11:58:03] ../run.sh 0.005 0.1 10 20 3D 256 --no-clusters  --spat-weight 10 --trunc-angle 0.1 --freqweight 0 --angle-limit 0.1 --segment-scale-mult 1 --adopt 0 --dirbias 0 --cand-anglediv 1 --angle-gens 0 --cost-fn spatsqrt --small-thresh 256 --small-thresh-limit --smallThreshDiv 2 
[01/07/15 11:59:26] ../run.sh 0.005 0.1 200 20 3D 256 --no-clusters  --spat-weight 10 --trunc-angle 0.1 --freqweight 0 --angle-limit 0.1 --segment-scale-mult 1 --adopt 0 --dirbias 0 --cand-anglediv 1 --angle-gens 0 --cost-fn spatsqrt --small-thresh 256 --small-thresh-limit --smallThreshDiv 2 
[01/07/15 12:53:37] ../run.sh 0.005 0.1 200 20 3D 256 --no-clusters  --spat-weight 0 --trunc-angle 0.1 --freqweight 0 --angle-limit 0.1 --segment-scale-mult 1 --adopt 0 --dirbias 0 --cand-anglediv 1 --angle-gens 90 --cost-fn spatsqrt --small-thresh 256 --small-thresh-limit --smallThreshDiv 2 
[01/07/15 12:54:31] ../run.sh 0.005 0.1 200 20 3D 256 --no-clusters  --spat-weight 0 --trunc-angle 0.1 --freqweight 0 --angle-limit 0.1 --segment-scale-mult 1 --adopt 0 --dirbias 0 --cand-anglediv 1 --angle-gens 0 --cost-fn spatsqrt --small-thresh 256 --small-thresh-limit --smallThreshDiv 2 
[01/07/15 12:55:06] ../run.sh 0.005 0.1 200 20 3D 256 --no-clusters  --spat-weight 0 --trunc-angle 0.1 --freqweight 0 --angle-limit 0.1 --segment-scale-mult 1 --adopt 0 --dirbias 0 --cand-anglediv 1 --angle-gens 0 --cost-fn spatsqrt --small-thresh 256 --small-thresh-limit --smallThreshDiv 2 
[01/07/15 12:56:13] ../run.sh 0.005 0.1 200 20 3D 256 --no-clusters  --spat-weight 0 --trunc-angle 0.1 --freqweight 0 --angle-limit 0.1 --segment-scale-mult 1 --adopt 0 --dirbias 0 --cand-anglediv 1 --angle-gens 0 --cost-fn spatsqrt --small-thresh 256 --small-thresh-limit --smallThreshDiv 2 
[01/07/15 12:57:21] ../run.sh 0.005 0.1 200 20 3D 256 --no-clusters  --spat-weight 0 --trunc-angle 0.1 --freqweight 0 --angle-limit 0.1 --segment-scale-mult 1 --adopt 0 --dirbias 0 --cand-anglediv 1 --angle-gens 0 --cost-fn spatsqrt --small-thresh 256 --small-thresh-limit --smallThreshDiv 2 
[01/07/15 13:07:24] ../run.sh 0.005 0.1 200 20 3D 256 --no-clusters  --spat-weight 0 --trunc-angle 0.1 --freqweight 0 --angle-limit 0.1 --segment-scale-mult 1 --adopt 0 --dirbias 0 --cand-anglediv 1 --angle-gens 0 --cost-fn spatsqrt --small-thresh 256 --small-thresh-limit --smallThreshDiv 2 
[01/07/15 13:25:02] ../run.sh 0.005 0.1 200 20 3D 128 --no-clusters  --spat-weight 0 --trunc-angle 0.1 --freqweight 0 --angle-limit 0.1 --segment-scale-mult 1 --adopt 0 --dirbias 0 --cand-anglediv 1 --angle-gens 0 --cost-fn spatsqrt --small-thresh 128 --small-thresh-limit --smallThreshDiv 2 
[01/07/15 13:28:06] ../run.sh 0.005 0.1 200 20 3D 128 --no-clusters  --spat-weight 0 --trunc-angle 0.1 --freqweight 0 --angle-limit 0.1 --segment-scale-mult 1 --adopt 0 --dirbias 0 --cand-anglediv 1 --angle-gens 0 --cost-fn spatsqrt --small-thresh 128 --small-thresh-limit --smallThreshDiv 2 
[01/07/15 13:30:28] ../run.sh 0.004 0.1 200 20 3D 128 --no-clusters  --spat-weight 0 --trunc-angle 0.1 --freqweight 0 --angle-limit 0.1 --segment-scale-mult 1 --adopt 0 --dirbias 0 --cand-anglediv 1 --angle-gens 0 --cost-fn spatsqrt --small-thresh 128 --small-thresh-limit --smallThreshDiv 2 
[01/07/15 13:44:26] ../run.sh 0.004 0.1 200 20 3D 128 --no-clusters  --spat-weight 0 --trunc-angle 0.1 --freqweight 0 --angle-limit 0.1 --segment-scale-mult 1 --adopt 0 --dirbias 0 --cand-anglediv 1 --angle-gens 0 --cost-fn spatsqrt --small-thresh 128 --small-thresh-limit --smallThreshDiv 2 
[01/07/15 13:49:01] ../run.sh 0.004 0.1 200 20 3D 128 --no-clusters  --spat-weight 0 --trunc-angle 0.1 --freqweight 0 --angle-limit 0.1 --segment-scale-mult 1 --adopt 0 --dirbias 0 --cand-anglediv 1 --angle-gens 0 --cost-fn spatsqrt --small-thresh 128 --small-thresh-limit --smallThreshDiv 2 
[01/07/15 14:10:43] ../run.sh 0.004 0.1 200 20 3D 128 --no-clusters  --spat-weight 0 --trunc-angle 0.1 --freqweight 0 --angle-limit 0.1 --segment-scale-mult 1 --adopt 0 --dirbias 0 --cand-anglediv 1 --angle-gens 0 --cost-fn spatsqrt --small-thresh 128 --small-thresh-limit --smallThreshDiv 2 
[01/07/15 14:16:10] ../run.sh 0.004 0.1 200 20 3D 128 --no-clusters  --spat-weight 0 --trunc-angle 0.1 --freqweight 0 --angle-limit 0.1 --segment-scale-mult 1 --adopt 0 --dirbias 0 --cand-anglediv 1 --angle-gens 0 --cost-fn spatsqrt --small-thresh 128 --small-thresh-limit --smallThreshDiv 2 
[01/07/15 14:17:58] ../run.sh 0.004 0.1 200 20 3D 128 --no-clusters  --spat-weight 0 --trunc-angle 0.1 --freqweight 0 --angle-limit 0.1 --segment-scale-mult 1 --adopt 0 --dirbias 0 --cand-anglediv 1 --angle-gens 0 --cost-fn spatsqrt --small-thresh 128 --small-thresh-limit --smallThreshDiv 2 
[01/07/15 14:20:21] ../run.sh 0.004 0.1 200 20 3D 128 --no-clusters  --spat-weight 0 --trunc-angle 0.1 --freqweight 0 --angle-limit 0.1 --segment-scale-mult 1 --adopt 0 --dirbias 0 --cand-anglediv 1 --angle-gens 0 --cost-fn spatsqrt --small-thresh 128 --small-thresh-limit --smallThreshDiv 2 
[01/07/15 14:23:33] ../run.sh 0.004 0.1 200 20 3D 128 --no-clusters  --spat-weight 0 --trunc-angle 0.1 --freqweight 0 --angle-limit 0.1 --segment-scale-mult 1 --adopt 0 --dirbias 0 --cand-anglediv 1 --angle-gens 0 --cost-fn spatsqrt --small-thresh 128 --small-thresh-limit --smallThreshDiv 2 
[01/07/15 14:24:02] ../run.sh 0.0041 0.1 200 20 3D 128 --no-clusters  --spat-weight 0 --trunc-angle 0.1 --freqweight 0 --angle-limit 0.1 --segment-scale-mult 1 --adopt 0 --dirbias 0 --cand-anglediv 1 --angle-gens 0 --cost-fn spatsqrt --small-thresh 128 --small-thresh-limit --smallThreshDiv 2 
[01/07/15 14:43:45] ../run.sh 0.0041 0.1 200 20 3D 128 --no-clusters  --spat-weight 0 --trunc-angle 0.1 --freqweight 0 --angle-limit 0.1 --segment-scale-mult 1 --adopt 0 --dirbias 0 --cand-anglediv 1 --angle-gens 0 --cost-fn spatsqrt --small-thresh 128 --small-thresh-limit --smallThreshDiv 2 
[01/07/15 14:44:16] ../run.sh 0.0041 0.1 300 20 3D 128 --no-clusters  --spat-weight 0 --trunc-angle 0.1 --freqweight 0 --angle-limit 0.1 --segment-scale-mult 1 --adopt 0 --dirbias 0 --cand-anglediv 1 --angle-gens 0 --cost-fn spatsqrt --small-thresh 128 --small-thresh-limit --smallThreshDiv 2 
[01/07/15 14:48:07] ../run.sh 0.0025 0.1 300 20 3D 128 --no-clusters  --spat-weight 0 --trunc-angle 0.1 --freqweight 0 --angle-limit 0.1 --segment-scale-mult 1 --adopt 0 --dirbias 0 --cand-anglediv 1 --angle-gens 0 --cost-fn spatsqrt --small-thresh 128 --small-thresh-limit --smallThreshDiv 2 
[01/07/15 14:57:36] ../run.sh 0.0025 0.1 300 5 3D 128 --no-clusters  --spat-weight 0 --trunc-angle 0.1 --freqweight 0 --angle-limit 0.1 --segment-scale-mult 1 --adopt 0 --dirbias 0 --cand-anglediv 1 --angle-gens 0 --cost-fn spatsqrt --small-thresh 128 --small-thresh-limit --smallThreshDiv 2 
[01/07/15 15:37:47] ../run.sh 0.0025 0.1 300 5 3D 128 --no-clusters  --spat-weight 0 --trunc-angle 0.1 --freqweight 0 --angle-limit 0.1 --segment-scale-mult 1 --adopt 0 --dirbias 0 --cand-anglediv 1 --angle-gens 0 --cost-fn spatsqrt --small-thresh 128 --small-thresh-limit --smallThreshDiv 2 
[01/07/15 16:17:15] ../run.sh 0.0025 0.2 300 3 3D 128 --no-clusters  --spat-weight 0 --trunc-angle 0.2 --freqweight 0 --angle-limit 0.2 --segment-scale-mult 1 --adopt 0 --dirbias 0 --cand-anglediv 1 --angle-gens 0 --cost-fn spatsqrt --small-thresh 128 --small-thresh-limit --smallThreshDiv 2 
[01/07/15 16:25:14] ../run.sh 0.0025 0.2 300 3 3D 128 --no-clusters  --spat-weight 0 --trunc-angle 0.2 --freqweight 0 --angle-limit 0.2 --segment-scale-mult 1 --adopt 0 --dirbias 0 --cand-anglediv 1 --angle-gens 0 --cost-fn spatsqrt --small-thresh 128 --small-thresh-limit --smallThreshDiv 2 
