[09/20/14 11:17:17] ../run.sh 0.025 0.3 10 10 3D 
[09/20/14 11:18:16] ../run.sh 0.025 0.3 10 10 3D 
[09/20/14 11:21:24] ../run.sh 0.025 0.3 1 10 3D 
[09/20/14 11:45:56] ../run.sh 0.025 0.3 1 10 3D 
[09/20/14 13:19:07] ../run.sh 0.03 0.3 1 10 3D 
[09/20/14 13:19:12] ../run.sh 0.03 0.4 1 10 3D 
[09/20/14 13:19:19] ../run.sh 0.03 0.4 1 25 3D 
[09/20/14 13:30:32] ../run.sh 0.02 0.4 0.1 20 3D 
[09/20/14 13:31:28] ../run.sh 0.02 0.4 0.1 20 3D 
[09/20/14 13:34:05] ../run.sh 0.02 0.4 0.1 20 3D 
[09/20/14 14:52:54] ../run.sh 0.02 0.4 0.1 20 3D 
[09/20/14 14:55:41] ../run.sh 0.02 0.4 0.1 20 3D 
[09/20/14 14:57:39] ../run.sh 0.02 0.4 0.1 20 3D 
[09/20/14 15:18:52] ../run.sh 0.02 0.4 0.1 20 3D 
[09/20/14 15:24:34] ../run.sh 0.01 0.4 0.1 20 3D 
[09/20/14 15:48:07] ../run.sh 0.01 0.4 0.1 20 3D 
[09/20/14 16:27:18] ../run.sh 0.01 0.4 0.1 20 3D 
[09/20/14 16:42:54] ../run.sh 0.01 0.4 0.1 20 3D 
[09/20/14 16:44:25] ../run.sh 0.01 0.3 0.1 20 3D 
[09/20/14 16:53:15] ../run.sh 0.01 0.3 0.1 20 3D 
[09/20/14 17:02:45] ../run.sh 0.01 0.3 0.1 20 3D 
[09/20/14 17:12:04] ../run.sh 0.01 0.3 0.1 20 3D --freqweight 0 
[09/20/14 17:13:37] ../run.sh 0.01 0.3 0.1 20 3D --freqweight 0 --angle-limit 0.3 --segment-scale-mult 2.5 --adopt 1 --dirbias 0 --cand-anglediv 2.5 
[09/20/14 17:14:37] ../run.sh 0.01 0.3 0.1 20 3D --freqweight 0 --angle-limit 0.3 --segment-scale-mult 2.5 --adopt 1 --dirbias 0 --cand-anglediv 2.5 --angle-gens 90 
[09/20/14 21:06:38] ../run.sh 0.01 0.3 0.2 20 3D --freqweight 0 --angle-limit 0.3 --segment-scale-mult 3.5 --adopt 1 --dirbias 0 --cand-anglediv 2.5 --angle-gens 90 
[09/20/14 21:07:05] ../run.sh 0.01 0.3 0.2 20 3D --freqweight 0 --angle-limit 0.3 --segment-scale-mult 2.5 --adopt 1 --dirbias 0 --cand-anglediv 2.5 --angle-gens 90 
[09/26/14 15:47:21] ../run.sh 0.01 0.3 0.2 20 3D --freqweight 100 --angle-limit 0.3 --segment-scale-mult 2 --adopt 0 --dirbias 1 --cand-anglediv 10 --angle-gens 90 --cost-fn spatsqrt --small-thresh 64 --small-thresh-limit 
