[09/24/14 13:52:22] ../run.sh 0.03 0.3 0.05 20 --freqweight 100 --angle-limit 0.3 --segment-scale-mult 1 --adopt 0 --dirbias 0 --cand-anglediv 1 --angle-gens 72,90 --cost-fn spatsqrt 
[09/24/14 13:57:02] ../run.sh 0.03 0.3 0.05 20 --freqweight 100 --angle-limit 0.3 --segment-scale-mult 1 --adopt 0 --dirbias 0 --cand-anglediv 1 --angle-gens 72,90 --cost-fn spatsqrt 
[09/24/14 13:58:08] ../run.sh 0.03 0.3 0.1 20 --freqweight 100 --angle-limit 0.3 --segment-scale-mult 1 --adopt 0 --dirbias 0 --cand-anglediv 1 --angle-gens 72,90 --cost-fn spatsqrt 
[09/24/14 13:58:25] ../run.sh 0.03 0.3 1 20 --freqweight 100 --angle-limit 0.3 --segment-scale-mult 1 --adopt 0 --dirbias 0 --cand-anglediv 1 --angle-gens 72,90 --cost-fn spatsqrt 
[09/24/14 14:36:18] ../run.sh 0.03 0.3 1 20 --freqweight 10 --angle-limit 0.3 --segment-scale-mult 1 --adopt 0 --dirbias 0 --cand-anglediv 1 --angle-gens 90 --cost-fn spatsqrt 
[09/24/14 17:18:33] ../run.sh 0.03 0.3 1 20 10 --freqweight 10 --angle-limit 0.3 --segment-scale-mult 1 --adopt 0 --dirbias 0 --cand-anglediv 1 --angle-gens 90 --cost-fn spatsqrt --small-thresh --small-thresh-limit 
[09/24/14 17:22:15] ../run.sh 0.03 0.3 1 20 10 --freqweight 10 --angle-limit 0.3 --segment-scale-mult 1 --adopt 0 --dirbias 0 --cand-anglediv 1 --angle-gens 90 --cost-fn spatsqrt --small-thresh 10 --small-thresh-limit 
[09/24/14 17:22:20] ../run.sh 0.03 0.3 1 20 10 --sma --freqweight 10 --angle-limit 0.3 --segment-scale-mult 1 --adopt 0 --dirbias 0 --cand-anglediv 1 --angle-gens 90 --cost-fn spatsqrt --small-thresh 10 --small-thresh-limit 
[09/24/14 20:40:53] ../run.sh 0.03 0.3 1 20 10 -a -a -a --freqweight 10 --angle-limit 0.3 --segment-scale-mult 2 --adopt 0 --dirbias 0 --cand-anglediv 1 --angle-gens 36,90 --cost-fn spatsqrt --small-thresh 10 --small-thresh-limit 
[09/24/14 20:41:09] ../run.sh 0.03 0.3 1 20 10 --freqweight 10 --angle-limit 0.3 --segment-scale-mult 2 --adopt 0 --dirbias 0 --cand-anglediv 1 --angle-gens 36,90 --cost-fn spatsqrt --small-thresh 10 --small-thresh-limit 
[09/24/14 20:41:12] ../run.sh 0.03 0.3 1 20 --freqweight 10 --angle-limit 0.3 --segment-scale-mult 2 --adopt 0 --dirbias 0 --cand-anglediv 1 --angle-gens 36,90 --cost-fn spatsqrt --small-thresh 10 --small-thresh-limit 
[09/24/14 20:41:35] ../run.sh 0.03 0.3 1 20 --freqweight 10 --angle-limit 0.3 --segment-scale-mult 2 --adopt 0 --dirbias 0 --cand-anglediv 1 --angle-gens 90 --cost-fn spatsqrt --small-thresh 10 --small-thresh-limit 
[09/24/14 20:42:02] ../run.sh 0.03 0.3 1 20 --freqweight 10 --angle-limit 0.3 --segment-scale-mult 2 --adopt 0 --dirbias 0 --cand-anglediv 1 --angle-gens 90 --cost-fn spatsqrt --small-thresh 10 --small-thresh-limit 
[09/24/14 20:42:19] ../run.sh 0.03 0.3 1 20 --freqweight 10 --angle-limit 0.3 --segment-scale-mult 1 --adopt 0 --dirbias 0 --cand-anglediv 1 --angle-gens 90 --cost-fn spatsqrt --small-thresh 10 --small-thresh-limit 
[09/24/14 20:45:30] ../run.sh 0.03 0.3 1 20 --freqweight 10 --angle-limit 0.3 --segment-scale-mult 1 --adopt 0 --dirbias 0 --cand-anglediv 1 --angle-gens 90 --cost-fn spatsqrt --small-thresh 10 --small-thresh-limit 
[09/24/14 20:47:54] ../run.sh 0.03 0.3 1 20 --freqweight 10 --angle-limit 0.3 --segment-scale-mult 1 --adopt 0 --dirbias 0 --cand-anglediv 1 --angle-gens 90 --cost-fn spatsqrt --small-thresh 10 --small-thresh-limit 
[09/24/14 20:48:23] ../run.sh 0.03 0.3 1 20 --freqweight 10 --angle-limit 0.3 --segment-scale-mult 1 --adopt 0 --dirbias 0 --cand-anglediv 1 --angle-gens 90 --cost-fn spatsqrt --small-thresh 10 --small-thresh-limit 
[09/24/14 20:50:04] ../run.sh 0.03 0.3 1 20 --freqweight 10 --angle-limit 0.3 --segment-scale-mult 1 --adopt 0 --dirbias 0 --cand-anglediv 1 --angle-gens 90 --cost-fn spatsqrt --small-thresh 10 --small-thresh-limit 
[10/21/14 16:52:41] ../run.sh 0.03 0.3 1 20 --freqweight 1000 --angle-limit 0.3 --segment-scale-mult 1 --adopt 0 --dirbias 1 --cand-anglediv 1 --angle-gens 90 --cost-fn spatsqrt --small-thresh 128 --small-thresh-limit smallThreshDiv 2 
[10/21/14 16:53:26] ../run.sh 0.03 0.3 1 20 --freqweight 1000 --angle-limit 0.3 --segment-scale-mult 1 --adopt 0 --dirbias 1 --cand-anglediv 1 --angle-gens 90 --cost-fn spatsqrt --small-thresh 128 --small-thresh-limit smallThreshDiv 2 
[10/21/14 16:54:31] ../run.sh 0.03 0.3 1 20 --freqweight 1000 --angle-limit 0.3 --segment-scale-mult 1 --adopt 0 --dirbias 1 --cand-anglediv 1 --angle-gens 90 --cost-fn spatsqrt --small-thresh 128 --small-thresh-limit smallThreshDiv 2 
[10/21/14 16:58:38] ../run.sh 0.03 0.3 1 20 --freqweight 1000 --angle-limit 0.3 --segment-scale-mult 1 --adopt 0 --dirbias 1 --cand-anglediv 1 --angle-gens 90 --cost-fn spatsqrt --small-thresh 128 --small-thresh-limit smallThreshDiv 2 
[10/21/14 17:03:26] ../run.sh 0.03 0.3 1 20 --freqweight 1000 --angle-limit 0.3 --segment-scale-mult 1 --adopt 0 --dirbias 1 --cand-anglediv 1 --angle-gens 90 --cost-fn spatsqrt --small-thresh 128 --small-thresh-limit smallThreshDiv 2 
[10/21/14 17:03:32] ../run.sh 0.03 0.3 1 20 --freqweight 1000 --angle-limit 0.3 --segment-scale-mult 1 --adopt 0 --dirbias 1 --cand-anglediv 1 --angle-gens 90 --cost-fn spatsqrt --small-thresh 128 --small-thresh-limit smallThreshDiv 2 
[10/21/14 17:03:43] ../run.sh 0.03 0.3 1 20 --freqweight 1000 --angle-limit 0.3 --segment-scale-mult 1 --adopt 0 --dirbias 1 --cand-anglediv 1 --angle-gens 90 --cost-fn spatsqrt --small-thresh 128 --small-thresh-limit smallThreshDiv 2 
[10/21/14 17:03:56] ../run.sh 0.03 0.3 1 20 --freqweight 1000 --angle-limit 0.3 --segment-scale-mult 1 --adopt 0 --dirbias 1 --cand-anglediv 1 --angle-gens 90 --cost-fn spatsqrt --small-thresh 128 --small-thresh-limit smallThreshDiv 2 
[10/21/14 17:03:58] ../run.sh 0.03 0.3 1 20 --freqweight 1000 --angle-limit 0.3 --segment-scale-mult 1 --adopt 0 --dirbias 1 --cand-anglediv 1 --angle-gens 90 --cost-fn spatsqrt --small-thresh 128 --small-thresh-limit smallThreshDiv 2 
[10/22/14 17:49:49] ../run.sh 0.03 0.3 1 20 --freqweight 1000 --angle-limit 0.3 --segment-scale-mult 1 --adopt 0 --dirbias 1 --cand-anglediv 1 --angle-gens 90 --cost-fn spatsqrt --small-thresh 128 --small-thresh-limit smallThreshDiv 2 
