[12/23/14 14:38:41] ../run.sh 0.015 0.15 15 --freqweight 1000 --angle-limit 0.15 --segment-scale-mult 1 --adopt 0 --dirbias 0 --cand-anglediv 1 --angle-gens 60,90 --cost-fn spatsqrt --small-thresh 1 --small-thresh-limit smallThreshDiv 2 
[12/23/14 14:39:42] ../run.sh 0.015 0.15 15 --freqweight 1000 --angle-limit 0.15 --segment-scale-mult 1 --adopt 0 --dirbias 0 --cand-anglediv 1 --angle-gens 60,90 --cost-fn spatsqrt --small-thresh 1 --small-thresh-limit smallThreshDiv 2 
[12/23/14 14:57:52] ../run.sh 0.015 0.15 15 --freqweight 100 --angle-limit 0.15 --segment-scale-mult 1 --adopt 0 --dirbias 0 --cand-anglediv 1 --angle-gens 60,90 --cost-fn spatsqrt --small-thresh 1 --small-thresh-limit smallThreshDiv 2 
[12/23/14 14:58:51] ../run.sh 0.015 0.15 15 --freqweight 10 --angle-limit 0.15 --segment-scale-mult 1 --adopt 0 --dirbias 0 --cand-anglediv 1 --angle-gens 60,90 --cost-fn spatsqrt --small-thresh 1 --small-thresh-limit smallThreshDiv 2 
[12/23/14 14:59:26] ../run.sh 0.015 0.15 15 --freqweight 1000 --angle-limit 0.15 --segment-scale-mult 1 --adopt 0 --dirbias 0 --cand-anglediv 1 --angle-gens 60,90 --cost-fn spatsqrt --small-thresh 1 --small-thresh-limit smallThreshDiv 2 
[12/23/14 15:06:17] ../run.sh 0.015 0.15 15 --freqweight 1 --angle-limit 0.15 --segment-scale-mult 1 --adopt 0 --dirbias 0 --cand-anglediv 1 --angle-gens 60,90 --cost-fn spatsqrt --small-thresh 1 --small-thresh-limit smallThreshDiv 2 
[12/23/14 15:07:13] ../run.sh 0.015 0.15 15 --freqweight 0.1 --angle-limit 0.15 --segment-scale-mult 1 --adopt 0 --dirbias 0 --cand-anglediv 1 --angle-gens 60,90 --cost-fn spatsqrt --small-thresh 1 --small-thresh-limit smallThreshDiv 2 
[12/23/14 15:07:41] ../run.sh 0.015 0.15 0.1 --freqweight 0.1 --angle-limit 0.15 --segment-scale-mult 1 --adopt 0 --dirbias 0 --cand-anglediv 1 --angle-gens 60,90 --cost-fn spatsqrt --small-thresh 1 --small-thresh-limit smallThreshDiv 2 
[12/23/14 15:08:20] ../run.sh 0.015 0.3 0.01 --freqweight 0.1 --angle-limit 0.3 --segment-scale-mult 1 --adopt 0 --dirbias 0 --cand-anglediv 1 --angle-gens 60,90 --cost-fn spatsqrt --small-thresh 1 --small-thresh-limit smallThreshDiv 2 
[12/23/14 15:09:28] ../run.sh 0.015 0.3 15 --freqweight 1000 --angle-limit 0.3 --segment-scale-mult 1 --adopt 0 --dirbias 0 --cand-anglediv 1 --angle-gens 60,90 --cost-fn spatsqrt --small-thresh 1 --small-thresh-limit smallThreshDiv 2 
[12/27/14 11:23:10] ../run.sh 0.015 0.3 20 --freqweight 1000 --angle-limit 0.3 --segment-scale-mult 1 --adopt 0 --dirbias 0 --cand-anglediv 1 --angle-gens 60,90 --cost-fn spatsqrt --small-thresh 1 --small-thresh-limit smallThreshDiv 2 
[12/27/14 11:23:42] ../run.sh 0.015 0.3 20 --freqweight 1000 --angle-limit 0.3 --segment-scale-mult 1 --adopt 0 --dirbias 0 --cand-anglediv 1 --angle-gens 60,90 --cost-fn spatsqrt --small-thresh 1 --small-thresh-limit smallThreshDiv 2 
[12/27/14 12:30:31] ../run.sh 0.015 0.3 20 --freqweight 1000 --angle-limit 0.3 --segment-scale-mult 1 --adopt 0 --dirbias 0 --cand-anglediv 1 --angle-gens 60,90 --cost-fn spatsqrt --small-thresh 1 --small-thresh-limit smallThreshDiv 2 
[12/27/14 14:02:39] ../run.sh 0.015 0.3 20 --freqweight 1000 --angle-limit 0.3 --segment-scale-mult 1 --adopt 0 --dirbias 0 --cand-anglediv 1 --angle-gens 60,90 --cost-fn spatsqrt --small-thresh 1 --small-thresh-limit smallThreshDiv 2 
[12/27/14 14:06:29] ../run.sh 0.015 0.3 20 --freqweight 1000 --angle-limit 0.3 --segment-scale-mult 1 --adopt 0 --dirbias 0 --cand-anglediv 1 --angle-gens 60,90 --cost-fn spatsqrt --small-thresh 1 --small-thresh-limit smallThreshDiv 2 
[12/27/14 14:12:54] ../run.sh 0.015 0.3 20 --freqweight 1000 --angle-limit 0.3 --segment-scale-mult 1 --adopt 0 --dirbias 0 --cand-anglediv 1 --angle-gens 60,90 --cost-fn spatsqrt --small-thresh 1 --small-thresh-limit smallThreshDiv 2 
[12/27/14 14:27:45] ../run.sh 0.015 0.3 20 --freqweight 1000 --angle-limit 0.3 --segment-scale-mult 1 --adopt 0 --dirbias 0 --cand-anglediv 1 --angle-gens 60,90 --cost-fn spatsqrt --small-thresh 1 --small-thresh-limit smallThreshDiv 2 
[12/27/14 14:30:05] ../run.sh 0.015 0.3 20 --freqweight 1000 --angle-limit 0.3 --segment-scale-mult 1 --adopt 0 --dirbias 0 --cand-anglediv 1 --angle-gens 60,90 --cost-fn spatsqrt --small-thresh 1 --small-thresh-limit smallThreshDiv 2 
[12/27/14 14:31:20] ../run.sh 0.015 0.3 20 --freqweight 1000 --angle-limit 0.3 --segment-scale-mult 1 --adopt 0 --dirbias 0 --cand-anglediv 1 --angle-gens 60,90 --cost-fn spatsqrt --small-thresh 1 --small-thresh-limit smallThreshDiv 2 
[12/27/14 15:23:54] ../run.sh 0.015 0.3 30 --freqweight 1000 --angle-limit 0.3 --segment-scale-mult 1 --adopt 0 --dirbias 0 --cand-anglediv 1 --angle-gens 60,90 --cost-fn spatsqrt --small-thresh 1 --small-thresh-limit smallThreshDiv 2 
[12/27/14 15:24:56] ../run.sh 0.015 0.3 50 --freqweight 1000 --angle-limit 0.3 --segment-scale-mult 1 --adopt 0 --dirbias 0 --cand-anglediv 1 --angle-gens 60,90 --cost-fn spatsqrt --small-thresh 1 --small-thresh-limit smallThreshDiv 2 
[12/27/14 15:30:13] ../run.sh 0.015 0.3 1 --freqweight 1000 --angle-limit 0.3 --segment-scale-mult 1 --adopt 0 --dirbias 0 --cand-anglediv 1 --angle-gens 60,90 --cost-fn spatsqrt --small-thresh 1 --small-thresh-limit smallThreshDiv 2 
[12/27/14 15:36:06] ../run.sh 0.015 0.3 1 --freqweight 1000 --angle-limit 0.3 --segment-scale-mult 1 --adopt 0 --dirbias 0 --cand-anglediv 1 --angle-gens 60,90 --cost-fn spatsqrt --small-thresh 1 --small-thresh-limit smallThreshDiv 2 
[12/27/14 15:37:34] ../run.sh 0.015 0.3 10 --freqweight 1000 --angle-limit 0.3 --segment-scale-mult 1 --adopt 0 --dirbias 0 --cand-anglediv 1 --angle-gens 60,90 --cost-fn spatsqrt --small-thresh 1 --small-thresh-limit smallThreshDiv 2 
[12/27/14 15:38:15] ../run.sh 0.015 0.3 10 --freqweight 1000 --angle-limit 0.3 --segment-scale-mult 1 --adopt 0 --dirbias 0 --cand-anglediv 1 --angle-gens 60,90 --cost-fn spatsqrt --small-thresh 1 --small-thresh-limit smallThreshDiv 2 
[12/27/14 15:38:22] ../run.sh 0.015 0.3 100 --freqweight 1000 --angle-limit 0.3 --segment-scale-mult 1 --adopt 0 --dirbias 0 --cand-anglediv 1 --angle-gens 60,90 --cost-fn spatsqrt --small-thresh 1 --small-thresh-limit smallThreshDiv 2 
[12/27/14 15:38:56] ../run.sh 0.015 0.3 50 --freqweight 1000 --angle-limit 0.3 --segment-scale-mult 1 --adopt 0 --dirbias 0 --cand-anglediv 1 --angle-gens 60,90 --cost-fn spatsqrt --small-thresh 1 --small-thresh-limit smallThreshDiv 2 
[12/27/14 15:39:55] ../run.sh 0.015 0.3 25 --freqweight 1000 --angle-limit 0.3 --segment-scale-mult 1 --adopt 0 --dirbias 0 --cand-anglediv 1 --angle-gens 60,90 --cost-fn spatsqrt --small-thresh 1 --small-thresh-limit smallThreshDiv 2 
[12/27/14 15:40:54] ../run.sh 0.015 0.3 25 --freqweight 10000 --angle-limit 0.3 --segment-scale-mult 1 --adopt 0 --dirbias 0 --cand-anglediv 1 --angle-gens 60,90 --cost-fn spatsqrt --small-thresh 1 --small-thresh-limit smallThreshDiv 2 
[12/27/14 16:29:32] ../run.sh 0.015 0.3 60 --freqweight 10000 --angle-limit 0.3 --segment-scale-mult 1 --adopt 0 --dirbias 0 --cand-anglediv 1 --angle-gens 60,90 --cost-fn spatsqrt --small-thresh 1 --small-thresh-limit smallThreshDiv 2 
[12/27/14 16:31:37] ../run.sh 0.015 0.3 60 --freqweight 1000 --angle-limit 0.3 --segment-scale-mult 1 --adopt 0 --dirbias 0 --cand-anglediv 1 --angle-gens 60,90 --cost-fn spatsqrt --small-thresh 1 --small-thresh-limit smallThreshDiv 2 
[12/27/14 16:32:21] ../run.sh 0.015 0.3 75 --freqweight 1000 --angle-limit 0.3 --segment-scale-mult 1 --adopt 0 --dirbias 0 --cand-anglediv 1 --angle-gens 60,90 --cost-fn spatsqrt --small-thresh 1 --small-thresh-limit smallThreshDiv 2 
[12/27/14 17:30:53] ../run.sh 0.015 0.3 75 --freqweight 1000 --angle-limit 0.3 --segment-scale-mult 1 --adopt 0 --dirbias 0 --cand-anglediv 1 --angle-gens 60,90 --cost-fn spatsqrt --small-thresh 1 --small-thresh-limit smallThreshDiv 2 
[12/27/14 17:31:16] ../run.sh 0.015 0.3 75 --freqweight 1000 --angle-limit 0.3 --segment-scale-mult 1 --adopt 0 --dirbias 0 --cand-anglediv 1 --angle-gens 60,90 --cost-fn spatsqrt --small-thresh 1 --small-thresh-limit smallThreshDiv 2 
[12/27/14 17:31:29] ../run.sh 0.015 0.3 75 --freqweight 1000 --angle-limit 0.3 --segment-scale-mult 1 --adopt 0 --dirbias 0 --cand-anglediv 1 --angle-gens 60,90 --cost-fn spatsqrt --small-thresh 1 --small-thresh-limit smallThreshDiv 2 
[12/27/14 18:17:05] ../run.sh 0.015 0.3 75 --freqweight 1000 --angle-limit 0.3 --segment-scale-mult 1 --adopt 0 --dirbias 0 --cand-anglediv 1 --angle-gens 60,90 --cost-fn spatsqrt --small-thresh 1 --small-thresh-limit smallThreshDiv 2 
[12/27/14 18:17:38] ../run.sh 0.015 0.3 100 --freqweight 1000 --angle-limit 0.3 --segment-scale-mult 1 --adopt 0 --dirbias 0 --cand-anglediv 1 --angle-gens 60,90 --cost-fn spatsqrt --small-thresh 1 --small-thresh-limit smallThreshDiv 2 
[12/27/14 18:23:16] ../run.sh 0.015 0.3 150 --freqweight 1000 --angle-limit 0.3 --segment-scale-mult 1 --adopt 0 --dirbias 0 --cand-anglediv 1 --angle-gens 60,90 --cost-fn spatsqrt --small-thresh 1 --small-thresh-limit smallThreshDiv 2 
[12/28/14 14:23:48] ../run.sh 0.015 0.3 75 --freqweight 1000 --angle-limit 0.3 --segment-scale-mult 1 --adopt 0 --dirbias 0 --cand-anglediv 1 --angle-gens 60,90 --cost-fn spatsqrt --small-thresh 1 --small-thresh-limit smallThreshDiv 2 
[12/28/14 14:25:16] ../run.sh 0.015 0.3 75 --freqweight 1000 --angle-limit 0.3 --segment-scale-mult 1 --adopt 0 --dirbias 0 --cand-anglediv 1 --angle-gens 60,90 --cost-fn spatsqrt --small-thresh 1 --small-thresh-limit smallThreshDiv 2 
[12/28/14 15:49:08] ../run.sh 0.015 0.3 75 --freqweight 1000 --angle-limit 0.3 --segment-scale-mult 1 --adopt 0 --dirbias 0 --cand-anglediv 1 --angle-gens 60,90 --cost-fn spatsqrt --small-thresh 1 --small-thresh-limit smallThreshDiv 2 
[12/28/14 15:54:25] ../run.sh 0.015 0.3 75 --freqweight 1000 --angle-limit 0.3 --segment-scale-mult 1 --adopt 0 --dirbias 0 --cand-anglediv 1 --angle-gens 60,90 --cost-fn spatsqrt --small-thresh 1 --small-thresh-limit smallThreshDiv 2 
[12/28/14 15:55:45] ../run.sh 0.015 0.3 75 --freqweight 1000 --angle-limit 0.3 --segment-scale-mult 1 --adopt 0 --dirbias 0 --cand-anglediv 1 --angle-gens 60,90 --cost-fn spatsqrt --small-thresh 1 --small-thresh-limit smallThreshDiv 2 
[12/28/14 16:05:15] ../run.sh 0.015 0.3 75 --freqweight 1000 --angle-limit 0.3 --segment-scale-mult 1 --adopt 0 --dirbias 0 --cand-anglediv 1 --angle-gens 60,90 --cost-fn spatsqrt --small-thresh 1 --small-thresh-limit smallThreshDiv 2 
[12/28/14 16:16:56] ../run.sh 0.015 0.1 75 --freqweight 1000 --angle-limit 0.1 --segment-scale-mult 1 --adopt 0 --dirbias 0 --cand-anglediv 1 --angle-gens 60,90 --cost-fn spatsqrt --small-thresh 1 --small-thresh-limit smallThreshDiv 2 
[12/28/14 16:26:30] ../run.sh 0.015 0.1 75 --freqweight 1000 --angle-limit 0.1 --segment-scale-mult 1 --adopt 0 --dirbias 0 --cand-anglediv 1 --angle-gens 60,90 --cost-fn spatsqrt --small-thresh 1 --small-thresh-limit smallThreshDiv 2 
[12/28/14 16:26:53] ../run.sh 0.015 0.1 100 --freqweight 1000 --angle-limit 0.1 --segment-scale-mult 1 --adopt 0 --dirbias 0 --cand-anglediv 1 --angle-gens 60,90 --cost-fn spatsqrt --small-thresh 1 --small-thresh-limit smallThreshDiv 2 
[12/28/14 16:27:23] ../run.sh 0.015 0.1 1000 --freqweight 1000 --angle-limit 0.1 --segment-scale-mult 1 --adopt 0 --dirbias 0 --cand-anglediv 1 --angle-gens 60,90 --cost-fn spatsqrt --small-thresh 1 --small-thresh-limit smallThreshDiv 2 
[12/28/14 16:27:51] ../run.sh 0.015 0.2 100 --freqweight 1000 --angle-limit 0.2 --segment-scale-mult 1 --adopt 0 --dirbias 0 --cand-anglediv 1 --angle-gens 60,90 --cost-fn spatsqrt --small-thresh 1 --small-thresh-limit smallThreshDiv 2 
[12/28/14 16:37:25] ../run.sh 0.015 0.2 100 --freqweight 1000 --angle-limit 0.2 --segment-scale-mult 1 --adopt 0 --dirbias 0 --cand-anglediv 1 --angle-gens 60,90 --cost-fn spatsqrt --small-thresh 1 --small-thresh-limit smallThreshDiv 2 
[12/28/14 16:42:10] ../run.sh 0.015 0.3 10 --freqweight 1000 --angle-limit 0.3 --segment-scale-mult 1 --adopt 0 --dirbias 0 --cand-anglediv 1 --angle-gens 60,90 --cost-fn spatsqrt --small-thresh 1 --small-thresh-limit smallThreshDiv 2 
[12/28/14 16:50:13] ../run.sh 0.015 0.3 15 --freqweight 1000 --angle-limit 0.3 --segment-scale-mult 1 --adopt 0 --dirbias 0 --cand-anglediv 1 --angle-gens 60,90 --cost-fn spatsqrt --small-thresh 1 --small-thresh-limit smallThreshDiv 2 
[12/28/14 16:58:51] ../run.sh 0.015 0.3 15 --freqweight 1000 --angle-limit 0.3 --segment-scale-mult 1 --adopt 0 --dirbias 0 --cand-anglediv 1 --angle-gens 60,90 --cost-fn spatsqrt --small-thresh 1 --small-thresh-limit smallThreshDiv 2 
[12/28/14 16:59:33] ../run.sh 0.015 0.3 15 --freqweight 1000 --angle-limit 0.3 --segment-scale-mult 1 --adopt 0 --dirbias 0 --cand-anglediv 1 --angle-gens 60,90 --cost-fn spatsqrt --small-thresh 1 --small-thresh-limit smallThreshDiv 2 
[12/28/14 17:19:00] ../run.sh 0.015 0.3 20 --freqweight 1000 --angle-limit 0.3 --segment-scale-mult 1 --adopt 0 --dirbias 0 --cand-anglediv 1 --angle-gens 60,90 --cost-fn spatsqrt --small-thresh 1 --small-thresh-limit smallThreshDiv 2 
[12/28/14 17:21:46] ../run.sh 0.015 0.3 50 --freqweight 1000 --angle-limit 0.3 --segment-scale-mult 1 --adopt 0 --dirbias 0 --cand-anglediv 1 --angle-gens 60,90 --cost-fn spatsqrt --small-thresh 1 --small-thresh-limit smallThreshDiv 2 
[12/28/14 17:39:40] ../run.sh 0.015 0.3 20 --freqweight 1000 --angle-limit 0.3 --segment-scale-mult 1 --adopt 0 --dirbias 0 --cand-anglediv 1 --angle-gens 60,90 --cost-fn spatsqrt --small-thresh 1 --small-thresh-limit smallThreshDiv 2 
[12/28/14 17:41:29] ../run.sh 0.017 0.3 20 --freqweight 1000 --angle-limit 0.3 --segment-scale-mult 1 --adopt 0 --dirbias 0 --cand-anglediv 1 --angle-gens 60,90 --cost-fn spatsqrt --small-thresh 1 --small-thresh-limit smallThreshDiv 2 
[12/28/14 17:42:46] ../run.sh 0.02 0.3 20 --freqweight 1000 --angle-limit 0.3 --segment-scale-mult 1 --adopt 0 --dirbias 0 --cand-anglediv 1 --angle-gens 60,90 --cost-fn spatsqrt --small-thresh 1 --small-thresh-limit smallThreshDiv 2 
[12/28/14 18:09:06] ../run.sh 0.02 0.3 20 --freqweight 1000 --angle-limit 0.3 --segment-scale-mult 1 --adopt 0 --dirbias 0 --cand-anglediv 1 --angle-gens 60,90 --cost-fn spatsqrt --small-thresh 1 --small-thresh-limit smallThreshDiv 2 
[12/29/14 11:07:03] ../run.sh 0.02 0.3 20 --freqweight 1000 --angle-limit 0.3 --segment-scale-mult 1 --adopt 0 --dirbias 0 --cand-anglediv 1 --angle-gens 60,90 --cost-fn spatsqrt --small-thresh 1 --small-thresh-limit smallThreshDiv 2 
[12/29/14 11:45:53] ../run.sh 0.02 0.3 20 --freqweight 1000 --angle-limit 0.3 --segment-scale-mult 1 --adopt 0 --dirbias 0 --cand-anglediv 1 --angle-gens 60,90 --cost-fn spatsqrt --small-thresh 1 --small-thresh-limit smallThreshDiv 2 
[12/29/14 12:07:52] ../run.sh 0.02 0.3 20 --freqweight 1000 --angle-limit 0.3 --segment-scale-mult 1 --adopt 0 --dirbias 0 --cand-anglediv 1 --angle-gens 60,90 --cost-fn spatsqrt --small-thresh 1 --small-thresh-limit smallThreshDiv 2 
[12/29/14 12:08:43] ../run.sh 0.02 0.3 50 --freqweight 1000 --angle-limit 0.3 --segment-scale-mult 1 --adopt 0 --dirbias 0 --cand-anglediv 1 --angle-gens 60,90 --cost-fn spatsqrt --small-thresh 1 --small-thresh-limit smallThreshDiv 2 
[12/29/14 12:09:26] ../run.sh 0.02 0.3 10 --freqweight 1000 --angle-limit 0.3 --segment-scale-mult 1 --adopt 0 --dirbias 0 --cand-anglediv 1 --angle-gens 60,90 --cost-fn spatsqrt --small-thresh 1 --small-thresh-limit smallThreshDiv 2 
[12/29/14 13:15:32] ../run.sh 0.02 0.3 10 --freqweight 1000 --angle-limit 0.3 --segment-scale-mult 1 --adopt 0 --dirbias 0 --cand-anglediv 1 --angle-gens 60,90 --cost-fn spatsqrt --small-thresh 1 --small-thresh-limit smallThreshDiv 2 
[12/29/14 13:16:03] ../run.sh 0.02 0.3 50 --freqweight 1000 --angle-limit 0.3 --segment-scale-mult 1 --adopt 0 --dirbias 0 --cand-anglediv 1 --angle-gens 60,90 --cost-fn spatsqrt --small-thresh 1 --small-thresh-limit smallThreshDiv 2 
[12/29/14 16:18:07] ../run.sh 0.02 0.3 50 --freqweight 1000 --angle-limit 0.3 --segment-scale-mult 1 --adopt 0 --dirbias 0 --cand-anglediv 1 --angle-gens 60,90 --cost-fn spatsqrt --small-thresh 1 --small-thresh-limit smallThreshDiv 2 
[12/29/14 16:19:42] ../run.sh 0.02 0.3 50 --freqweight 1000 --angle-limit 0.3 --segment-scale-mult 1 --adopt 0 --dirbias 0 --cand-anglediv 1 --angle-gens 60,90 --cost-fn spatsqrt --small-thresh 1 --small-thresh-limit smallThreshDiv 2 
[12/29/14 16:20:25] ../run.sh 0.02 0.3 50 --freqweight 1000 --angle-limit 0.3 --segment-scale-mult 1 --adopt 0 --dirbias 0 --cand-anglediv 1 --angle-gens 60,90 --cost-fn spatsqrt --small-thresh 1 --small-thresh-limit smallThreshDiv 2 
[12/29/14 16:22:14] ../run.sh 0.02 0.3 50 --freqweight 1000 --angle-limit 0.3 --segment-scale-mult 1 --adopt 0 --dirbias 0 --cand-anglediv 1 --angle-gens 60,90 --cost-fn spatsqrt --small-thresh 1 --small-thresh-limit smallThreshDiv 2 
[12/29/14 16:28:09] ../run.sh 0.02 0.3 50 --freqweight 1000 --angle-limit 0.3 --segment-scale-mult 1 --adopt 0 --dirbias 0 --cand-anglediv 1 --angle-gens 60,90 --cost-fn spatsqrt --small-thresh 1 --small-thresh-limit smallThreshDiv 2 
[12/29/14 16:28:59] ../run.sh 0.02 0.3 50 --freqweight 1000 --angle-limit 0.3 --segment-scale-mult 1 --adopt 0 --dirbias 0 --cand-anglediv 1 --angle-gens 60,90 --cost-fn spatsqrt --small-thresh 1 --small-thresh-limit smallThreshDiv 2 
[12/29/14 23:07:32] ../run.sh 0.02 0.3 10 --freqweight 1000 --angle-limit 0.3 --segment-scale-mult 1 --adopt 0 --dirbias 0 --cand-anglediv 1 --angle-gens 60,90 --cost-fn spatsqrt --small-thresh 1 --small-thresh-limit smallThreshDiv 2 
[12/29/14 23:08:34] ../run.sh 0.02 0.3 20 --freqweight 1000 --angle-limit 0.3 --segment-scale-mult 1 --adopt 0 --dirbias 0 --cand-anglediv 1 --angle-gens 60,90 --cost-fn spatsqrt --small-thresh 1 --small-thresh-limit smallThreshDiv 2 
[12/29/14 23:10:48] ../run.sh 0.02 0.3 40 --freqweight 1000 --angle-limit 0.3 --segment-scale-mult 1 --adopt 0 --dirbias 0 --cand-anglediv 1 --angle-gens 60,90 --cost-fn spatsqrt --small-thresh 1 --small-thresh-limit smallThreshDiv 2 
[12/29/14 23:15:36] ../run.sh 0.02 0.3 30 --freqweight 1000 --angle-limit 0.3 --segment-scale-mult 1 --adopt 0 --dirbias 0 --cand-anglediv 1 --angle-gens 60,90 --cost-fn spatsqrt --small-thresh 1 --small-thresh-limit smallThreshDiv 2 
[12/29/14 23:20:12] ../run.sh 0.02 0.3 40 --freqweight 1000 --angle-limit 0.3 --segment-scale-mult 1 --adopt 0 --dirbias 0 --cand-anglediv 1 --angle-gens 60,90 --cost-fn spatsqrt --small-thresh 1 --small-thresh-limit smallThreshDiv 2 
[12/29/14 23:22:04] ../run.sh 0.02 0.3 20 --freqweight 1000 --angle-limit 0.3 --segment-scale-mult 1 --adopt 0 --dirbias 0 --cand-anglediv 1 --angle-gens 60,90 --cost-fn spatsqrt --small-thresh 1 --small-thresh-limit smallThreshDiv 2 
[12/29/14 23:35:05] ../run.sh 0.02 0.3 20 --freqweight 1000 --angle-limit 0.3 --segment-scale-mult 1 --adopt 0 --dirbias 1 --cand-anglediv 1 --angle-gens 60,90 --cost-fn spatsqrt --small-thresh 1 --small-thresh-limit smallThreshDiv 2 
[12/29/14 23:35:27] ../run.sh 0.02 0.3 2 --freqweight 1000 --angle-limit 0.3 --segment-scale-mult 1 --adopt 0 --dirbias 1 --cand-anglediv 1 --angle-gens 60,90 --cost-fn spatsqrt --small-thresh 1 --small-thresh-limit smallThreshDiv 2 
[12/29/14 23:36:14] ../run.sh 0.02 0.3 0.1 --freqweight 1000 --angle-limit 0.3 --segment-scale-mult 1 --adopt 0 --dirbias 1 --cand-anglediv 1 --angle-gens 60,90 --cost-fn spatsqrt --small-thresh 1 --small-thresh-limit smallThreshDiv 2 
[12/29/14 23:36:47] ../run.sh 0.02 0.3 1 --freqweight 1000 --angle-limit 0.3 --segment-scale-mult 1 --adopt 0 --dirbias 1 --cand-anglediv 1 --angle-gens 60,90 --cost-fn spatsqrt --small-thresh 1 --small-thresh-limit smallThreshDiv 2 
[12/29/14 23:37:14] ../run.sh 0.02 0.3 1.5 --freqweight 1000 --angle-limit 0.3 --segment-scale-mult 1 --adopt 0 --dirbias 1 --cand-anglediv 1 --angle-gens 60,90 --cost-fn spatsqrt --small-thresh 1 --small-thresh-limit smallThreshDiv 2 
[12/29/14 23:44:15] ../run.sh 0.02 0.3 1.5 --freqweight 1000 --angle-limit 0.3 --segment-scale-mult 1 --adopt 0 --dirbias 0 --cand-anglediv 1 --angle-gens 60,90 --cost-fn spatsqrt --small-thresh 1 --small-thresh-limit smallThreshDiv 2 
[12/29/14 23:45:10] ../run.sh 0.02 0.3 5 --freqweight 1000 --angle-limit 0.3 --segment-scale-mult 1 --adopt 0 --dirbias 0 --cand-anglediv 1 --angle-gens 60,90 --cost-fn spatsqrt --small-thresh 1 --small-thresh-limit smallThreshDiv 2 
[12/29/14 23:49:27] ../run.sh 0.02 0.3 5 --freqweight 1000 --angle-limit 0.3 --segment-scale-mult 1 --adopt 0 --dirbias 0 --cand-anglediv 1 --angle-gens 60,90 --cost-fn spatsqrt --small-thresh 1 --small-thresh-limit smallThreshDiv 2 
[12/29/14 23:50:44] ../run.sh 0.02 0.3 10 --freqweight 1000 --angle-limit 0.3 --segment-scale-mult 1 --adopt 0 --dirbias 0 --cand-anglediv 1 --angle-gens 60,90 --cost-fn spatsqrt --small-thresh 1 --small-thresh-limit smallThreshDiv 2 
[12/29/14 23:53:39] ../run.sh 0.02 0.3 10 --freqweight 1000 --angle-limit 0.3 --segment-scale-mult 1 --adopt 0 --dirbias 0 --cand-anglediv 1 --angle-gens 60,90 --cost-fn spatsqrt --small-thresh 1 --small-thresh-limit smallThreshDiv 2 
[12/29/14 23:54:08] ../run.sh 0.02 0.3 20 --freqweight 1000 --angle-limit 0.3 --segment-scale-mult 1 --adopt 0 --dirbias 0 --cand-anglediv 1 --angle-gens 60,90 --cost-fn spatsqrt --small-thresh 1 --small-thresh-limit smallThreshDiv 2 
[12/29/14 23:56:23] ../run.sh 0.02 0.3 20 --freqweight 1000 --angle-limit 0.3 --segment-scale-mult 1 --adopt 0 --dirbias 0 --cand-anglediv 1 --angle-gens 60,90 --cost-fn spatsqrt --small-thresh 1 --small-thresh-limit smallThreshDiv 2 
[12/29/14 23:56:58] ../run.sh 0.02 0.3 50 --freqweight 1000 --angle-limit 0.3 --segment-scale-mult 1 --adopt 0 --dirbias 0 --cand-anglediv 1 --angle-gens 60,90 --cost-fn spatsqrt --small-thresh 1 --small-thresh-limit smallThreshDiv 2 
[12/29/14 23:57:52] ../run.sh 0.02 0.3 25 --freqweight 1000 --angle-limit 0.3 --segment-scale-mult 1 --adopt 0 --dirbias 0 --cand-anglediv 1 --angle-gens 60,90 --cost-fn spatsqrt --small-thresh 1 --small-thresh-limit smallThreshDiv 2 
[12/30/14 00:00:13] ../run.sh 0.02 0.3 25 --freqweight 10 --angle-limit 0.3 --segment-scale-mult 1 --adopt 0 --dirbias 0 --cand-anglediv 1 --angle-gens 60,90 --cost-fn spatsqrt --small-thresh 1 --small-thresh-limit smallThreshDiv 2 
[12/30/14 00:07:51] ../run.sh 0.02 0.3 25 --freqweight 100 --angle-limit 0.3 --segment-scale-mult 1 --adopt 0 --dirbias 0 --cand-anglediv 1 --angle-gens 60,90 --cost-fn spatsqrt --small-thresh 1 --small-thresh-limit smallThreshDiv 2 
[12/30/14 00:09:59] ../run.sh 0.02 0.3 25 --freqweight 1000 --angle-limit 0.3 --segment-scale-mult 1 --adopt 0 --dirbias 0 --cand-anglediv 1 --angle-gens 60,90 --cost-fn spatsqrt --small-thresh 1 --small-thresh-limit smallThreshDiv 2 
[12/30/14 11:24:52] ../run.sh 0.02 0.3 25 --freqweight 1000 --angle-limit 0.3 --segment-scale-mult 1 --adopt 0 --dirbias 0 --cand-anglediv 1 --angle-gens 60,90 --cost-fn spatsqrt --small-thresh 1 --small-thresh-limit smallThreshDiv 2 
[12/30/14 12:42:12] ../run.sh 0.02 0.3 25 --freqweight 1000 --angle-limit 0.3 --segment-scale-mult 1 --adopt 0 --dirbias 0 --cand-anglediv 1 --angle-gens 60,90 --cost-fn spatsqrt --small-thresh 1 --small-thresh-limit smallThreshDiv 2 
[12/30/14 12:44:08] ../run.sh 0.02 0.3 40 --freqweight 1000 --angle-limit 0.3 --segment-scale-mult 1 --adopt 0 --dirbias 0 --cand-anglediv 1 --angle-gens 60,90 --cost-fn spatsqrt --small-thresh 1 --small-thresh-limit smallThreshDiv 2 
[12/30/14 12:57:41] ../run.sh 0.02 0.3 40 --freqweight 1000 --angle-limit 0.3 --segment-scale-mult 1 --adopt 0 --dirbias 0 --cand-anglediv 1 --angle-gens 60,90 --cost-fn spatsqrt --small-thresh 1 --small-thresh-limit smallThreshDiv 2 
[01/03/15 20:15:16] ../run.sh 0.02 0.2 100 --freqweight 1000 --angle-limit 0.2 --segment-scale-mult 1 --adopt 0 --dirbias 1 --cand-anglediv 1 --angle-gens 60,90 --cost-fn spatsqrt --small-thresh 1 --small-thresh-limit smallThreshDiv 2 
[01/03/15 20:17:26] ../run.sh 0.02 0.2 100 --freqweight 1000 --angle-limit 0.2 --segment-scale-mult 1 --adopt 0 --dirbias 1 --cand-anglediv 1 --angle-gens 60,90 --cost-fn spatsqrt --small-thresh 1 --small-thresh-limit smallThreshDiv 2 
[01/03/15 20:23:12] ../run.sh 0.02 0.2 10 --freqweight 1000 --angle-limit 0.2 --segment-scale-mult 1 --adopt 0 --dirbias 1 --cand-anglediv 1 --angle-gens 60,90 --cost-fn spatsqrt --small-thresh 1 --small-thresh-limit smallThreshDiv 2 
[01/03/15 21:34:39] ../run.sh 0.02 0.2 10 --freqweight 0 --angle-limit 0.2 --segment-scale-mult 1 --adopt 0 --dirbias 1 --cand-anglediv 1 --angle-gens 60,90 --cost-fn spatsqrt --small-thresh 1 --small-thresh-limit smallThreshDiv 2 
[01/03/15 21:39:55] ../run.sh 0.02 0.2 10 --freqweight 0 --angle-limit 0.2 --segment-scale-mult 1 --adopt 0 --dirbias 1 --cand-anglediv 1 --angle-gens 60,90 --cost-fn spatsqrt --small-thresh 1 --small-thresh-limit smallThreshDiv 2 
[01/03/15 21:41:06] ../run.sh 0.02 0.2 1 --freqweight 0 --angle-limit 0.2 --segment-scale-mult 1 --adopt 0 --dirbias 1 --cand-anglediv 1 --angle-gens 60,90 --cost-fn spatsqrt --small-thresh 1 --small-thresh-limit smallThreshDiv 2 
[01/03/15 21:42:36] ../run.sh 0.02 0.2 1 --freqweight 0 --angle-limit 0.2 --segment-scale-mult 1 --adopt 0 --dirbias 1 --cand-anglediv 1 --angle-gens 60,90 --cost-fn spatsqrt --small-thresh 1 --small-thresh-limit smallThreshDiv 2 
[01/03/15 21:43:49] ../run.sh 0.02 0.2 10 --freqweight 0 --angle-limit 0.2 --segment-scale-mult 1 --adopt 0 --dirbias 1 --cand-anglediv 1 --angle-gens 60,90 --cost-fn spatsqrt --small-thresh 1 --small-thresh-limit smallThreshDiv 2 
[01/03/15 21:45:05] ../run.sh 0.02 0.2 10 --freqweight 0 --angle-limit 0.2 --segment-scale-mult 1 --adopt 0 --dirbias 1 --cand-anglediv 1 --angle-gens 60,90 --cost-fn spatsqrt --small-thresh 1 --small-thresh-limit smallThreshDiv 2 
[01/04/15 15:35:48] ../run.sh 0.02 0.2 0.  --use-angle-gen --spat-weight 0 --trunc-angle 0 --freqweight 0 --angle-limit 0.2 --segment-scale-mult 1 --adopt 0 --dirbias 0 --cand-anglediv 1 --angle-gens 60,90 --cost-fn spatsqrt --small-thresh 8 --small-thresh-limit smallThreshDiv 2 
[01/04/15 15:35:59] ../run.sh 0.02 0.3 0.1  --use-angle-gen --spat-weight 0 --trunc-angle 0 --freqweight 0 --angle-limit 0.3 --segment-scale-mult 1 --adopt 0 --dirbias 0 --cand-anglediv 1 --angle-gens 60,90 --cost-fn spatsqrt --small-thresh 8 --small-thresh-limit smallThreshDiv 2 
[01/04/15 15:43:10] ../run.sh 0.02 0.3 0.1 --no-clusters --use-angle-gen --spat-weight 0 --trunc-angle 0 --freqweight 0 --angle-limit 0.3 --segment-scale-mult 1 --adopt 0 --dirbias 0 --cand-anglediv 1 --angle-gens 60,90 --cost-fn spatsqrt --small-thresh 8 --small-thresh-limit smallThreshDiv 2 
[01/04/15 15:43:14] ../run.sh 0.02 0.3 0.05 --no-clusters --use-angle-gen --spat-weight 0 --trunc-angle 0 --freqweight 0 --angle-limit 0.3 --segment-scale-mult 1 --adopt 0 --dirbias 0 --cand-anglediv 1 --angle-gens 60,90 --cost-fn spatsqrt --small-thresh 8 --small-thresh-limit smallThreshDiv 2 
[01/04/15 20:09:46] ../run.sh 0.02 0.3 1   --spat-weight 10 --trunc-angle 0.3 --freqweight 0 --angle-limit 0.3 --segment-scale-mult 1 --adopt 0 --dirbias 0 --cand-anglediv 1 --angle-gens 60,90 --cost-fn spatsqrt --small-thresh 8 --small-thresh-limit smallThreshDiv 2 
[01/04/15 20:11:24] ../run.sh 0.02 0.3 1   --spat-weight 1 --trunc-angle 0.3 --freqweight 0 --angle-limit 0.3 --segment-scale-mult 1 --adopt 0 --dirbias 0 --cand-anglediv 1 --angle-gens 60,90 --cost-fn spatsqrt --small-thresh 8 --small-thresh-limit smallThreshDiv 2 
[01/04/15 21:45:01] ../run.sh 0.02 0.3 1   --spat-weight 1 --trunc-angle 0.3 --freqweight 0 --angle-limit 0.3 --segment-scale-mult 1 --adopt 0 --dirbias 0 --cand-anglediv 1 --angle-gens 60,90 --cost-fn spatsqrt --small-thresh 8 --small-thresh-limit smallThreshDiv 2 
[01/04/15 21:45:34] ../run.sh 0.02 0.3 100   --spat-weight 1 --trunc-angle 0.3 --freqweight 0 --angle-limit 0.3 --segment-scale-mult 1 --adopt 0 --dirbias 0 --cand-anglediv 1 --angle-gens 60,90 --cost-fn spatsqrt --small-thresh 4 --small-thresh-limit smallThreshDiv 2 
[01/04/15 21:50:59] ../run.sh 0.02 0.3 10   --spat-weight 1 --trunc-angle 0.3 --freqweight 0 --angle-limit 0.3 --segment-scale-mult 1 --adopt 0 --dirbias 0 --cand-anglediv 1 --angle-gens 60,90 --cost-fn spatsqrt --small-thresh 4 --small-thresh-limit smallThreshDiv 2 
[01/04/15 21:57:21] ../run.sh 0.02 0.3 10   --spat-weight 1 --trunc-angle 0.3 --freqweight 0 --angle-limit 0.3 --segment-scale-mult 1 --adopt 0 --dirbias 0 --cand-anglediv 1 --angle-gens 60,90 --cost-fn spatsqrt --small-thresh 4 --small-thresh-limit smallThreshDiv 2 
[01/04/15 21:59:39] ../run.sh 0.02 0.3 10   --spat-weight 0 --trunc-angle 0.3 --freqweight 0 --angle-limit 0.3 --segment-scale-mult 1 --adopt 0 --dirbias 0 --cand-anglediv 1 --angle-gens 60,90 --cost-fn spatsqrt --small-thresh 4 --small-thresh-limit smallThreshDiv 2 
[01/05/15 10:36:35] ../run.sh 0.02 0.3 10   --spat-weight 0 --trunc-angle 0.3 --freqweight 0 --angle-limit 0.3 --segment-scale-mult 1 --adopt 0 --dirbias 0 --cand-anglediv 1 --angle-gens 60,90 --cost-fn spatsqrt --small-thresh 4 --small-thresh-limit smallThreshDiv 2 
[01/05/15 10:38:10] ../run.sh 0.02 0.3 10   --spat-weight 0 --trunc-angle 0.3 --freqweight 0 --angle-limit 0.3 --segment-scale-mult 1 --adopt 0 --dirbias 0 --cand-anglediv 1 --angle-gens 60,90 --cost-fn spatsqrt --small-thresh 4 --small-thresh-limit smallThreshDiv 2 
[01/05/15 10:39:05] ../run.sh 0.02 0.3 10   --spat-weight 0 --trunc-angle 0.3 --freqweight 0 --angle-limit 0.3 --segment-scale-mult 1 --adopt 0 --dirbias 0 --cand-anglediv 1 --angle-gens 60,90 --cost-fn spatsqrt --small-thresh 4 --small-thresh-limit smallThreshDiv 2 
[01/05/15 10:39:18] ../run.sh 0.02 0.3 10   --spat-weight 0 --trunc-angle 0.3 --freqweight 0 --angle-limit 0.3 --segment-scale-mult 1 --adopt 0 --dirbias 0 --cand-anglediv 1 --angle-gens 60,90 --cost-fn spatsqrt --small-thresh 4 --small-thresh-limit smallThreshDiv 2 
[01/05/15 10:51:24] ../run.sh 0.02 0.3 10   --spat-weight 0 --trunc-angle 0.3 --freqweight 0 --angle-limit 0.3 --segment-scale-mult 1 --adopt 0 --dirbias 0 --cand-anglediv 1 --angle-gens 60,90 --cost-fn spatsqrt --small-thresh 4 --small-thresh-limit smallThreshDiv 2 
[01/05/15 10:52:03] ../run.sh 0.02 0.3 10   --spat-weight 0 --trunc-angle 0.3 --freqweight 0 --angle-limit 0.3 --segment-scale-mult 1 --adopt 0 --dirbias 0 --cand-anglediv 1 --angle-gens 60,90 --cost-fn spatsqrt --small-thresh 4 --small-thresh-limit smallThreshDiv 2 
[01/05/15 10:53:50] ../run.sh 0.02 0.3 10   --spat-weight 0 --trunc-angle 0.3 --freqweight 0 --angle-limit 0.3 --segment-scale-mult 1 --adopt 0 --dirbias 0 --cand-anglediv 1 --angle-gens 60,90 --cost-fn spatsqrt --small-thresh 4 --small-thresh-limit smallThreshDiv 2 
[01/05/15 15:33:35] ../run.sh 0.02 0.3 1000   --spat-weight 0 --trunc-angle 0.3 --freqweight 0 --angle-limit 0.3 --segment-scale-mult 1 --adopt 0 --dirbias 0 --cand-anglediv 1 --angle-gens 60,90 --cost-fn spatsqrt --small-thresh 4 --small-thresh-limit smallThreshDiv 2 
[01/05/15 15:34:08] ../run.sh 0.02 0.3 10000   --spat-weight 0 --trunc-angle 0.3 --freqweight 0 --angle-limit 0.3 --segment-scale-mult 1 --adopt 0 --dirbias 0 --cand-anglediv 1 --angle-gens 60,90 --cost-fn spatsqrt --small-thresh 4 --small-thresh-limit smallThreshDiv 2 
[01/05/15 15:39:45] ../run.sh 0.02 0.3 100000   --spat-weight 0 --trunc-angle 0.3 --freqweight 0 --angle-limit 0.3 --segment-scale-mult 1 --adopt 0 --dirbias 0 --cand-anglediv 1 --angle-gens 60,90 --cost-fn spatsqrt --small-thresh 4 --small-thresh-limit smallThreshDiv 2 
[01/05/15 15:43:18] ../run.sh 0.02 0.3 1000000   --spat-weight 0 --trunc-angle 0.3 --freqweight 0 --angle-limit 0.3 --segment-scale-mult 1 --adopt 0 --dirbias 0 --cand-anglediv 1 --angle-gens 60,90 --cost-fn spatsqrt --small-thresh 4 --small-thresh-limit smallThreshDiv 2 
[01/05/15 15:53:11] ../run.sh 0.02 0.3 1000000   --spat-weight 0 --trunc-angle 0.3 --freqweight 0 --angle-limit 0.3 --segment-scale-mult 1 --adopt 0 --dirbias 0 --cand-anglediv 1 --angle-gens 60,90 --cost-fn spatsqrt --small-thresh 4 --small-thresh-limit smallThreshDiv 2 
[01/05/15 16:40:27] ../run.sh 0.02 0.3 1000000   --spat-weight 1 --trunc-angle 0.3 --freqweight 0 --angle-limit 0.3 --segment-scale-mult 1 --adopt 0 --dirbias 0 --cand-anglediv 1 --angle-gens 60,90 --cost-fn spatsqrt --small-thresh 4 --small-thresh-limit smallThreshDiv 2 
[01/05/15 16:46:23] ../run.sh 0.02 0.3 10 --no-clusters  --spat-weight .01 --trunc-angle 0.3 --freqweight 0 --angle-limit 0.3 --segment-scale-mult 1 --adopt 0 --dirbias 0 --cand-anglediv 1 --angle-gens 60,90 --cost-fn spatsqrt --small-thresh 4 --small-thresh-limit smallThreshDiv 2 
[01/05/15 16:56:18] ../run.sh 0.02 0.2 10 --no-clusters  --spat-weight 0.01 --trunc-angle 0.2 --freqweight 0 --angle-limit 0.2 --segment-scale-mult 1 --adopt 0 --dirbias 0 --cand-anglediv 1 --angle-gens 60,90 --cost-fn spatsqrt --small-thresh 4 --small-thresh-limit smallThreshDiv 2 
[01/05/15 17:00:40] ../run.sh 0.02 0.2 10 --no-clusters  --spat-weight 0.01 --trunc-angle 0.2 --freqweight 0 --angle-limit 0.2 --segment-scale-mult 1 --adopt 0 --dirbias 0 --cand-anglediv 1 --angle-gens 60,90 --cost-fn spatsqrt --small-thresh 4 --small-thresh-limit smallThreshDiv 2 
[01/05/15 17:01:08] ../run.sh 0.02 0.2 10 --no-clusters  --spat-weight 0.01 --trunc-angle 0.2 --freqweight 0 --angle-limit 0.2 --segment-scale-mult 1 --adopt 0 --dirbias 0 --cand-anglediv 1 --angle-gens 60,90 --cost-fn spatsqrt --small-thresh 16 --small-thresh-limit smallThreshDiv 2 
[01/05/15 17:09:24] ../run.sh 0.02 0.2 100 --no-clusters  --spat-weight 0.01 --trunc-angle 0.2 --freqweight 0 --angle-limit 0.2 --segment-scale-mult 1 --adopt 0 --dirbias 0 --cand-anglediv 1 --angle-gens 60,90 --cost-fn spatsqrt --small-thresh 16 --small-thresh-limit smallThreshDiv 2 
[01/05/15 17:12:31] ../run.sh 0.02 0.2 100 --no-clusters  --spat-weight 0.01 --trunc-angle 0.2 --freqweight 0 --angle-limit 0.2 --segment-scale-mult 1 --adopt 0 --dirbias 0 --cand-anglediv 1 --angle-gens 60,90 --cost-fn spatsqrt --small-thresh 16 --small-thresh-limit smallThreshDiv 2 
[01/05/15 17:12:41] ../run.sh 0.02 0.2 100 --no-clusters  --spat-weight 0.01 --trunc-angle 0.2 --freqweight 0 --angle-limit 0.2 --segment-scale-mult 1 --adopt 0 --dirbias 0 --cand-anglediv 1 --angle-gens 60,90 --cost-fn spatsqrt --small-thresh 16 --small-thresh-limit smallThreshDiv 2 
[01/05/15 17:14:01] ../run.sh 0.02 0.2 100 --no-clusters  --spat-weight 0.01 --trunc-angle 0.2 --freqweight 0 --angle-limit 0.2 --segment-scale-mult 1 --adopt 0 --dirbias 0 --cand-anglediv 1 --angle-gens 60,90 --cost-fn spatsqrt --small-thresh 16 --small-thresh-limit smallThreshDiv 2 
[01/05/15 17:14:08] ../run.sh 0.02 0.2 100 --no-clusters  --spat-weight 0.01 --trunc-angle 0.2 --freqweight 0 --angle-limit 0.2 --segment-scale-mult 1 --adopt 0 --dirbias 0 --cand-anglediv 1 --angle-gens 60,90 --cost-fn spatsqrt --small-thresh 16 --small-thresh-limit smallThreshDiv 2 
[01/05/15 17:14:25] ../run.sh 0.02 0.2 1000 --no-clusters  --spat-weight 0.01 --trunc-angle 0.2 --freqweight 0 --angle-limit 0.2 --segment-scale-mult 1 --adopt 0 --dirbias 0 --cand-anglediv 1 --angle-gens 60,90 --cost-fn spatsqrt --small-thresh 16 --small-thresh-limit smallThreshDiv 2 
[01/05/15 17:14:33] ../run.sh 0.02 0.2 100000 --no-clusters  --spat-weight 0.01 --trunc-angle 0.2 --freqweight 0 --angle-limit 0.2 --segment-scale-mult 1 --adopt 0 --dirbias 0 --cand-anglediv 1 --angle-gens 60,90 --cost-fn spatsqrt --small-thresh 16 --small-thresh-limit smallThreshDiv 2 
[01/05/15 17:16:07] ../run.sh 0.02 0.2 10000 --no-clusters  --spat-weight 0.01 --trunc-angle 0.2 --freqweight 0 --angle-limit 0.2 --segment-scale-mult 1 --adopt 0 --dirbias 0 --cand-anglediv 1 --angle-gens 60,90 --cost-fn spatsqrt --small-thresh 16 --small-thresh-limit smallThreshDiv 2 
[01/05/15 17:21:47] ../run.sh 0.02 0.2 10000 --no-clusters  --spat-weight 0.01 --trunc-angle 0.2 --freqweight 0 --angle-limit 0.2 --segment-scale-mult 1 --adopt 0 --dirbias 0 --cand-anglediv 1 --angle-gens 60,90 --cost-fn spatsqrt --small-thresh 16 --small-thresh-limit smallThreshDiv 2 
[01/05/15 17:24:53] ../run.sh 0.02 0.2 10000 --no-clusters  --spat-weight 0.01 --trunc-angle 0.2 --freqweight 0 --angle-limit 0.2 --segment-scale-mult 1 --adopt 0 --dirbias 0 --cand-anglediv 1 --angle-gens 60,90 --cost-fn spatsqrt --small-thresh 8 --small-thresh-limit smallThreshDiv 2 
[01/05/15 17:28:05] ../run.sh 0.02 0.2 10000 --no-clusters  --spat-weight 0.01 --trunc-angle 0.2 --freqweight 0 --angle-limit 0.2 --segment-scale-mult 1 --adopt 0 --dirbias 0 --cand-anglediv 1 --angle-gens 60,90 --cost-fn spatsqrt --small-thresh 4 --small-thresh-limit --smallThreshDiv 2 
[01/05/15 17:44:53] ../run.sh 0.02 0.2 10000 --no-clusters  --spat-weight 0.01 --trunc-angle 0.2 --freqweight 0 --angle-limit 0.2 --segment-scale-mult 1 --adopt 0 --dirbias 0 --cand-anglediv 1 --angle-gens 60,90 --cost-fn spatsqrt --small-thresh 4 --small-thresh-limit --smallThreshDiv 2 
[01/05/15 17:54:05] ../run.sh 0.02 0.2 10000 --no-clusters  --spat-weight 0.01 --trunc-angle 0.2 --freqweight 0 --angle-limit 0.2 --segment-scale-mult 1 --adopt 0 --dirbias 0 --cand-anglediv 1 --angle-gens 60,90 --cost-fn spatsqrt --small-thresh 4 --small-thresh-limit --smallThreshDiv 2 
[01/05/15 17:59:25] ../run.sh 0.02 0.2 10000 --no-clusters  --spat-weight 0.01 --trunc-angle 0.2 --freqweight 0 --angle-limit 0.2 --segment-scale-mult 1 --adopt 0 --dirbias 0 --cand-anglediv 1 --angle-gens 60,90 --cost-fn spatsqrt --small-thresh 8 --small-thresh-limit --smallThreshDiv 2 
[01/05/15 17:59:58] ../run.sh 0.02 0.2 10000 --no-clusters  --spat-weight 0.01 --trunc-angle 0.2 --freqweight 0 --angle-limit 0.2 --segment-scale-mult 1 --adopt 0 --dirbias 0 --cand-anglediv 1 --angle-gens 60,90 --cost-fn spatsqrt --small-thresh 16 --small-thresh-limit --smallThreshDiv 2 
[01/05/15 18:06:56] ../run.sh 0.02 0.2 10000 --no-clusters  --spat-weight 0.01 --trunc-angle 0.2 --freqweight 0 --angle-limit 0.2 --segment-scale-mult 1 --adopt 0 --dirbias 0 --cand-anglediv 1 --angle-gens 60,90 --cost-fn spatsqrt --small-thresh 24 --small-thresh-limit --smallThreshDiv 3 
[01/05/15 18:07:55] ../run.sh 0.02 0.2 10000 --no-clusters  --spat-weight 0.1 --trunc-angle 0.2 --freqweight 0 --angle-limit 0.2 --segment-scale-mult 1 --adopt 0 --dirbias 0 --cand-anglediv 1 --angle-gens 60,90 --cost-fn spatsqrt --small-thresh 24 --small-thresh-limit --smallThreshDiv 3 
[01/05/15 18:08:38] ../run.sh 0.02 0.2 10000 --no-clusters  --spat-weight 1 --trunc-angle 0.2 --freqweight 0 --angle-limit 0.2 --segment-scale-mult 1 --adopt 0 --dirbias 0 --cand-anglediv 1 --angle-gens 60,90 --cost-fn spatsqrt --small-thresh 24 --small-thresh-limit --smallThreshDiv 3 
[01/05/15 18:09:21] ../run.sh 0.02 0.2 10000 --no-clusters  --spat-weight 10 --trunc-angle 0.2 --freqweight 0 --angle-limit 0.2 --segment-scale-mult 1 --adopt 0 --dirbias 0 --cand-anglediv 1 --angle-gens 60,90 --cost-fn spatsqrt --small-thresh 24 --small-thresh-limit --smallThreshDiv 3 
[01/05/15 18:10:15] ../run.sh 0.02 0.2 10000 --no-clusters  --spat-weight 100 --trunc-angle 0.2 --freqweight 0 --angle-limit 0.2 --segment-scale-mult 1 --adopt 0 --dirbias 0 --cand-anglediv 1 --angle-gens 60,90 --cost-fn spatsqrt --small-thresh 24 --small-thresh-limit --smallThreshDiv 3 
[01/05/15 18:12:31] ../run.sh 0.02 0.2 10000 --no-clusters  --spat-weight 100 --trunc-angle 0.2 --freqweight 0 --angle-limit 0.2 --segment-scale-mult 1 --adopt 0 --dirbias 0 --cand-anglediv 1 --angle-gens 60,90 --cost-fn spatsqrt --small-thresh 24 --small-thresh-limit --smallThreshDiv 3 
[01/05/15 18:15:32] ../run.sh 0.02 0.2 10000 --no-clusters  --spat-weight 100 --trunc-angle 0.2 --freqweight 0 --angle-limit 0.2 --segment-scale-mult 1 --adopt 0 --dirbias 0 --cand-anglediv 1 --angle-gens 60,90 --cost-fn spatsqrt --small-thresh 24 --small-thresh-limit --smallThreshDiv 3 
[01/05/15 18:18:02] ../run.sh 0.02 0.2 10000 --no-clusters  --spat-weight 100 --trunc-angle 0.2 --freqweight 0 --angle-limit 0.2 --segment-scale-mult 1 --adopt 0 --dirbias 0 --cand-anglediv 1 --angle-gens 60,90 --cost-fn spatsqrt --small-thresh 24 --small-thresh-limit --smallThreshDiv 3 
[01/05/15 18:19:13] ../run.sh 0.02 0.2 10000 --no-clusters  --spat-weight 1000 --trunc-angle 0.2 --freqweight 0 --angle-limit 0.2 --segment-scale-mult 1 --adopt 0 --dirbias 0 --cand-anglediv 1 --angle-gens 60,90 --cost-fn spatsqrt --small-thresh 24 --small-thresh-limit --smallThreshDiv 3 
[01/05/15 18:19:48] ../run.sh 0.02 0.2 10000 --no-clusters  --spat-weight 1000 --trunc-angle 0.2 --freqweight 0 --angle-limit 0.2 --segment-scale-mult 1 --adopt 0 --dirbias 0 --cand-anglediv 1 --angle-gens 60,90 --cost-fn spatsqrt --small-thresh 24 --small-thresh-limit --smallThreshDiv 3 
[01/05/15 18:31:07] ../run.sh 0.02 0.2 10000 --no-clusters  --spat-weight 10000 --trunc-angle 0.2 --freqweight 0 --angle-limit 0.2 --segment-scale-mult 1 --adopt 0 --dirbias 0 --cand-anglediv 1 --angle-gens 60,90 --cost-fn spatsqrt --small-thresh 24 --small-thresh-limit --smallThreshDiv 3 
[01/05/15 18:57:11] ../run.sh 0.02 0.3 10000 --no-clusters  --spat-weight 10000 --trunc-angle 0.3 --freqweight 0 --angle-limit 0.3 --segment-scale-mult 1 --adopt 0 --dirbias 0 --cand-anglediv 1 --angle-gens 60,90 --cost-fn spatsqrt --small-thresh 24 --small-thresh-limit --smallThreshDiv 3 
[01/05/15 18:57:46] ../run.sh 0.02 0.3 1000 --no-clusters  --spat-weight 10000 --trunc-angle 0.3 --freqweight 0 --angle-limit 0.3 --segment-scale-mult 1 --adopt 0 --dirbias 0 --cand-anglediv 1 --angle-gens 60,90 --cost-fn spatsqrt --small-thresh 24 --small-thresh-limit --smallThreshDiv 3 
[01/05/15 18:58:07] ../run.sh 0.02 0.3 10 --no-clusters  --spat-weight 10000 --trunc-angle 0.3 --freqweight 0 --angle-limit 0.3 --segment-scale-mult 1 --adopt 0 --dirbias 0 --cand-anglediv 1 --angle-gens 60,90 --cost-fn spatsqrt --small-thresh 24 --small-thresh-limit --smallThreshDiv 3 
[01/05/15 18:58:39] ../run.sh 0.02 0.3 10 --no-clusters  --spat-weight 100 --trunc-angle 0.3 --freqweight 0 --angle-limit 0.3 --segment-scale-mult 1 --adopt 0 --dirbias 0 --cand-anglediv 1 --angle-gens 60,90 --cost-fn spatsqrt --small-thresh 24 --small-thresh-limit --smallThreshDiv 3 
[01/05/15 18:59:04] ../run.sh 0.02 0.3 1 --no-clusters  --spat-weight 10 --trunc-angle 0.3 --freqweight 0 --angle-limit 0.3 --segment-scale-mult 1 --adopt 0 --dirbias 0 --cand-anglediv 1 --angle-gens 60,90 --cost-fn spatsqrt --small-thresh 24 --small-thresh-limit --smallThreshDiv 3 
[01/05/15 18:59:34] ../run.sh 0.02 0.3 10 --no-clusters  --spat-weight 10 --trunc-angle 0.3 --freqweight 0 --angle-limit 0.3 --segment-scale-mult 1 --adopt 0 --dirbias 0 --cand-anglediv 1 --angle-gens 60,90 --cost-fn spatsqrt --small-thresh 24 --small-thresh-limit --smallThreshDiv 3 
[01/05/15 18:59:59] ../run.sh 0.02 0.3 100 --no-clusters  --spat-weight 10 --trunc-angle 0.3 --freqweight 0 --angle-limit 0.3 --segment-scale-mult 1 --adopt 0 --dirbias 0 --cand-anglediv 1 --angle-gens 60,90 --cost-fn spatsqrt --small-thresh 24 --small-thresh-limit --smallThreshDiv 3 
[01/05/15 20:21:53] ../run.sh 0.02 0.3 10 --no-clusters  --spat-weight 10 --trunc-angle 0.3 --freqweight 0 --angle-limit 0.3 --segment-scale-mult 1 --adopt 0 --dirbias 0 --cand-anglediv 1 --angle-gens 60,90 --cost-fn spatsqrt --small-thresh 24 --small-thresh-limit --smallThreshDiv 3 
[01/05/15 20:22:18] ../run.sh 0.02 0.3 50 --no-clusters  --spat-weight 10 --trunc-angle 0.3 --freqweight 0 --angle-limit 0.3 --segment-scale-mult 1 --adopt 0 --dirbias 0 --cand-anglediv 1 --angle-gens 60,90 --cost-fn spatsqrt --small-thresh 24 --small-thresh-limit --smallThreshDiv 3 
[01/05/15 20:23:55] ../run.sh 0.02 0.3 10 --no-clusters  --spat-weight 10 --trunc-angle 0.3 --freqweight 0 --angle-limit 0.3 --segment-scale-mult 1 --adopt 0 --dirbias 0 --cand-anglediv 1 --angle-gens 60,90 --cost-fn spatsqrt --small-thresh 24 --small-thresh-limit --smallThreshDiv 3 
[01/05/15 20:24:17] ../run.sh 0.02 0.3 2 --no-clusters  --spat-weight 10 --trunc-angle 0.3 --freqweight 0 --angle-limit 0.3 --segment-scale-mult 1 --adopt 0 --dirbias 0 --cand-anglediv 1 --angle-gens 60,90 --cost-fn spatsqrt --small-thresh 24 --small-thresh-limit --smallThreshDiv 3 
[01/05/15 20:25:03] ../run.sh 0.02 0.3 0.1 --no-clusters  --spat-weight 10 --trunc-angle 0.3 --freqweight 0 --angle-limit 0.3 --segment-scale-mult 1 --adopt 0 --dirbias 0 --cand-anglediv 1 --angle-gens 60,90 --cost-fn spatsqrt --small-thresh 24 --small-thresh-limit --smallThreshDiv 3 
[01/05/15 20:25:49] ../run.sh 0.02 0.4 1 --no-clusters  --spat-weight 10 --trunc-angle 0.4 --freqweight 0 --angle-limit 0.4 --segment-scale-mult 1 --adopt 0 --dirbias 0 --cand-anglediv 1 --angle-gens 60,90 --cost-fn spatsqrt --small-thresh 24 --small-thresh-limit --smallThreshDiv 3 
[01/05/15 20:26:13] ../run.sh 0.02 0.1 1 --no-clusters  --spat-weight 10 --trunc-angle 0.1 --freqweight 0 --angle-limit 0.1 --segment-scale-mult 1 --adopt 0 --dirbias 0 --cand-anglediv 1 --angle-gens 60,90 --cost-fn spatsqrt --small-thresh 24 --small-thresh-limit --smallThreshDiv 3 
[01/05/15 20:26:53] ../run.sh 0.02 0.15 10 --no-clusters  --spat-weight 10 --trunc-angle 0.15 --freqweight 0 --angle-limit 0.15 --segment-scale-mult 1 --adopt 0 --dirbias 0 --cand-anglediv 1 --angle-gens 60,90 --cost-fn spatsqrt --small-thresh 24 --small-thresh-limit --smallThreshDiv 3 
[01/05/15 20:27:14] ../run.sh 0.02 0.1 10 --no-clusters  --spat-weight 10 --trunc-angle 0.1 --freqweight 0 --angle-limit 0.1 --segment-scale-mult 1 --adopt 0 --dirbias 0 --cand-anglediv 1 --angle-gens 60,90 --cost-fn spatsqrt --small-thresh 24 --small-thresh-limit --smallThreshDiv 3 
[01/05/15 20:27:46] ../run.sh 0.02 0.1 20 --no-clusters  --spat-weight 10 --trunc-angle 0.1 --freqweight 0 --angle-limit 0.1 --segment-scale-mult 1 --adopt 0 --dirbias 0 --cand-anglediv 1 --angle-gens 60,90 --cost-fn spatsqrt --small-thresh 24 --small-thresh-limit --smallThreshDiv 3 
[01/05/15 20:28:28] ../run.sh 0.021 0.1 10 --no-clusters  --spat-weight 10 --trunc-angle 0.1 --freqweight 0 --angle-limit 0.1 --segment-scale-mult 1 --adopt 0 --dirbias 0 --cand-anglediv 1 --angle-gens 60,90 --cost-fn spatsqrt --small-thresh 24 --small-thresh-limit --smallThreshDiv 3 
[01/05/15 20:28:47] ../run.sh 0.021 0.1 15 --no-clusters  --spat-weight 10 --trunc-angle 0.1 --freqweight 0 --angle-limit 0.1 --segment-scale-mult 1 --adopt 0 --dirbias 0 --cand-anglediv 1 --angle-gens 60,90 --cost-fn spatsqrt --small-thresh 24 --small-thresh-limit --smallThreshDiv 3 
[01/05/15 20:29:17] ../run.sh 0.021 0.1 20 --no-clusters  --spat-weight 10 --trunc-angle 0.1 --freqweight 0 --angle-limit 0.1 --segment-scale-mult 1 --adopt 0 --dirbias 0 --cand-anglediv 1 --angle-gens 60,90 --cost-fn spatsqrt --small-thresh 24 --small-thresh-limit --smallThreshDiv 3 
[01/05/15 20:30:01] ../run.sh 0.021 0.1 20 --no-clusters  --spat-weight 20 --trunc-angle 0.1 --freqweight 0 --angle-limit 0.1 --segment-scale-mult 1 --adopt 0 --dirbias 0 --cand-anglediv 1 --angle-gens 60,90 --cost-fn spatsqrt --small-thresh 24 --small-thresh-limit --smallThreshDiv 3 
[01/05/15 20:30:29] ../run.sh 0.021 0.2 20 --no-clusters  --spat-weight 20 --trunc-angle 0.2 --freqweight 0 --angle-limit 0.2 --segment-scale-mult 1 --adopt 0 --dirbias 0 --cand-anglediv 1 --angle-gens 60,90 --cost-fn spatsqrt --small-thresh 24 --small-thresh-limit --smallThreshDiv 3 
[01/05/15 20:33:59] ../run.sh 0.021 0.2 20 --no-clusters  --spat-weight 20 --trunc-angle 0 --freqweight 0 --angle-limit 0.2 --segment-scale-mult 1 --adopt 0 --dirbias 0 --cand-anglediv 1 --angle-gens 60,90 --cost-fn spatsqrt --small-thresh 24 --small-thresh-limit --smallThreshDiv 3 
[01/05/15 20:34:36] ../run.sh 0.021 0.2 30 --no-clusters  --spat-weight 30 --trunc-angle 0 --freqweight 0 --angle-limit 0.2 --segment-scale-mult 1 --adopt 0 --dirbias 0 --cand-anglediv 1 --angle-gens 60,90 --cost-fn spatsqrt --small-thresh 24 --small-thresh-limit --smallThreshDiv 3 
[01/05/15 20:34:51] ../run.sh 0.021 0.2 10 --no-clusters  --spat-weight 10 --trunc-angle 0 --freqweight 0 --angle-limit 0.2 --segment-scale-mult 1 --adopt 0 --dirbias 0 --cand-anglediv 1 --angle-gens 60,90 --cost-fn spatsqrt --small-thresh 24 --small-thresh-limit --smallThreshDiv 3 
[01/05/15 20:35:29] ../run.sh 0.021 0.2 15 --no-clusters  --spat-weight 15 --trunc-angle 0 --freqweight 0 --angle-limit 0.2 --segment-scale-mult 1 --adopt 0 --dirbias 0 --cand-anglediv 1 --angle-gens 60,90 --cost-fn spatsqrt --small-thresh 24 --small-thresh-limit --smallThreshDiv 3 
[01/05/15 23:32:15] ../run.sh 0.021 0.2 15 --no-clusters  --spat-weight 15 --trunc-angle 0 --freqweight 0 --angle-limit 0.2 --segment-scale-mult 1 --adopt 0 --dirbias 0 --cand-anglediv 1 --angle-gens 60,90 --cost-fn spatsqrt --small-thresh 24 --small-thresh-limit --smallThreshDiv 3 
[01/05/15 23:34:31] ../run.sh 0.021 0.2 15 --no-clusters  --spat-weight 15 --trunc-angle 0 --freqweight 0 --angle-limit 0.2 --segment-scale-mult 1 --adopt 0 --dirbias 0 --cand-anglediv 1 --angle-gens 60,90 --cost-fn spatsqrt --small-thresh 24 --small-thresh-limit --smallThreshDiv 3 
[01/05/15 23:40:18] ../run.sh 0.021 0.2 15 --no-clusters  --spat-weight 15 --trunc-angle 0 --freqweight 0 --angle-limit 0.2 --segment-scale-mult 1 --adopt 0 --dirbias 0 --cand-anglediv 1 --angle-gens 60,90 --cost-fn spatsqrt --small-thresh 24 --small-thresh-limit --smallThreshDiv 3 
[01/05/15 23:42:57] ../run.sh 0.021 0.2 15 --no-clusters  --spat-weight 15 --trunc-angle 0 --freqweight 0 --angle-limit 0.2 --segment-scale-mult 1 --adopt 0 --dirbias 0 --cand-anglediv 1 --angle-gens 60,90 --cost-fn spatsqrt --small-thresh 24 --small-thresh-limit --smallThreshDiv 3 
[01/05/15 23:44:25] ../run.sh 0.021 0.2 15 --no-clusters  --spat-weight 15 --trunc-angle 0 --freqweight 0 --angle-limit 0.2 --segment-scale-mult 1 --adopt 0 --dirbias 0 --cand-anglediv 1 --angle-gens 60,90 --cost-fn spatsqrt --small-thresh 24 --small-thresh-limit --smallThreshDiv 3 
[01/05/15 23:44:51] ../run.sh 0.021 0.2 1 --no-clusters  --spat-weight 1 --trunc-angle 0 --freqweight 0 --angle-limit 0.2 --segment-scale-mult 1 --adopt 0 --dirbias 0 --cand-anglediv 1 --angle-gens 60,90 --cost-fn spatsqrt --small-thresh 24 --small-thresh-limit --smallThreshDiv 3 
[01/05/15 23:45:09] ../run.sh 0.021 0.2 0.1 --no-clusters  --spat-weight 0.1 --trunc-angle 0 --freqweight 0 --angle-limit 0.2 --segment-scale-mult 1 --adopt 0 --dirbias 0 --cand-anglediv 1 --angle-gens 60,90 --cost-fn spatsqrt --small-thresh 24 --small-thresh-limit --smallThreshDiv 3 
[01/05/15 23:45:55] ../run.sh 0.021 0.2 0.1 --no-clusters  --spat-weight 1 --trunc-angle 0 --freqweight 0 --angle-limit 0.2 --segment-scale-mult 1 --adopt 0 --dirbias 0 --cand-anglediv 1 --angle-gens 60,90 --cost-fn spatsqrt --small-thresh 24 --small-thresh-limit --smallThreshDiv 3 
[01/05/15 23:46:37] ../run.sh 0.021 0.2 .5 --no-clusters  --spat-weight 1 --trunc-angle 0 --freqweight 0 --angle-limit 0.2 --segment-scale-mult 1 --adopt 0 --dirbias 0 --cand-anglediv 1 --angle-gens 60,90 --cost-fn spatsqrt --small-thresh 24 --small-thresh-limit --smallThreshDiv 3 
[01/05/15 23:47:18] ../run.sh 0.021 0.2 1 --no-clusters  --spat-weight 1 --trunc-angle 0 --freqweight 0 --angle-limit 0.2 --segment-scale-mult 1 --adopt 0 --dirbias 0 --cand-anglediv 1 --angle-gens 60,90 --cost-fn spatsqrt --small-thresh 24 --small-thresh-limit --smallThreshDiv 3 
[01/05/15 23:47:39] ../run.sh 0.021 0.2 1 --no-clusters  --spat-weight 0.5 --trunc-angle 0 --freqweight 0 --angle-limit 0.2 --segment-scale-mult 1 --adopt 0 --dirbias 0 --cand-anglediv 1 --angle-gens 60,90 --cost-fn spatsqrt --small-thresh 24 --small-thresh-limit --smallThreshDiv 3 
[01/05/15 23:47:51] ../run.sh 0.021 0.2 10 --no-clusters  --spat-weight 0.5 --trunc-angle 0 --freqweight 0 --angle-limit 0.2 --segment-scale-mult 1 --adopt 0 --dirbias 0 --cand-anglediv 1 --angle-gens 60,90 --cost-fn spatsqrt --small-thresh 24 --small-thresh-limit --smallThreshDiv 3 
[01/05/15 23:58:08] ../run.sh 0.021 0.2 1 --no-clusters  --spat-weight 0.5 --trunc-angle 0 --freqweight 0 --angle-limit 0.2 --segment-scale-mult 1 --adopt 0 --dirbias 0 --cand-anglediv 1 --angle-gens 60,90 --cost-fn spatsqrt --small-thresh 24 --small-thresh-limit --smallThreshDiv 3 
[01/05/15 23:58:47] ../run.sh 0.021 0.2 10 --no-clusters  --spat-weight 0.5 --trunc-angle 0 --freqweight 0 --angle-limit 0.2 --segment-scale-mult 1 --adopt 0 --dirbias 0 --cand-anglediv 1 --angle-gens 60,90 --cost-fn spatsqrt --small-thresh 24 --small-thresh-limit --smallThreshDiv 3 
[01/06/15 00:01:22] ../run.sh 0.021 0.2 10 --no-clusters  --spat-weight 0.5 --trunc-angle 0 --freqweight 0 --angle-limit 0.2 --segment-scale-mult 1 --adopt 0 --dirbias 0 --cand-anglediv 1 --angle-gens 60,90 --cost-fn spatsqrt --small-thresh 24 --small-thresh-limit --smallThreshDiv 3 
[01/06/15 00:01:39] ../run.sh 0.021 0.2 1 --no-clusters  --spat-weight 0.5 --trunc-angle 0 --freqweight 0 --angle-limit 0.2 --segment-scale-mult 1 --adopt 0 --dirbias 0 --cand-anglediv 1 --angle-gens 60,90 --cost-fn spatsqrt --small-thresh 24 --small-thresh-limit --smallThreshDiv 3 
[01/06/15 00:01:54] ../run.sh 0.021 0.2 .5 --no-clusters  --spat-weight 0.5 --trunc-angle 0 --freqweight 0 --angle-limit 0.2 --segment-scale-mult 1 --adopt 0 --dirbias 0 --cand-anglediv 1 --angle-gens 60,90 --cost-fn spatsqrt --small-thresh 24 --small-thresh-limit --smallThreshDiv 3 
[01/06/15 00:02:00] ../run.sh 0.021 0.2 0.5 --no-clusters  --spat-weight 0.5 --trunc-angle 0 --freqweight 0 --angle-limit 0.2 --segment-scale-mult 1 --adopt 0 --dirbias 0 --cand-anglediv 1 --angle-gens 60,90 --cost-fn spatsqrt --small-thresh 24 --small-thresh-limit --smallThreshDiv 3 
[01/06/15 00:02:22] ../run.sh 0.021 0.2 0.1 --no-clusters  --spat-weight 0.5 --trunc-angle 0 --freqweight 0 --angle-limit 0.2 --segment-scale-mult 1 --adopt 0 --dirbias 0 --cand-anglediv 1 --angle-gens 60,90 --cost-fn spatsqrt --small-thresh 24 --small-thresh-limit --smallThreshDiv 3 
[01/06/15 00:02:34] ../run.sh 0.021 0.2 1 --no-clusters  --spat-weight 1 --trunc-angle 0 --freqweight 0 --angle-limit 0.2 --segment-scale-mult 1 --adopt 0 --dirbias 0 --cand-anglediv 1 --angle-gens 60,90 --cost-fn spatsqrt --small-thresh 24 --small-thresh-limit --smallThreshDiv 3 
[01/06/15 00:02:43] ../run.sh 0.021 0.2 1 --no-clusters  --spat-weight 1 --trunc-angle 0 --freqweight 0 --angle-limit 0.2 --segment-scale-mult 1 --adopt 0 --dirbias 0 --cand-anglediv 1 --angle-gens 60,90 --cost-fn spatsqrt --small-thresh 24 --small-thresh-limit --smallThreshDiv 3 
[01/06/15 00:03:11] ../run.sh 0.021 0.2 5 --no-clusters  --spat-weight 5 --trunc-angle 0 --freqweight 0 --angle-limit 0.2 --segment-scale-mult 1 --adopt 0 --dirbias 0 --cand-anglediv 1 --angle-gens 60,90 --cost-fn spatsqrt --small-thresh 24 --small-thresh-limit --smallThreshDiv 3 
[01/06/15 00:03:37] ../run.sh 0.021 0.2 5 --no-clusters  --spat-weight 5 --trunc-angle 0 --freqweight 0 --angle-limit 0.2 --segment-scale-mult 1 --adopt 0 --dirbias 0 --cand-anglediv 1 --angle-gens 60,90 --cost-fn spatsqrt --small-thresh 24 --small-thresh-limit --smallThreshDiv 3 
[01/06/15 00:03:56] ../run.sh 0.021 0.2 10 --no-clusters  --spat-weight 10 --trunc-angle 0 --freqweight 0 --angle-limit 0.2 --segment-scale-mult 1 --adopt 0 --dirbias 0 --cand-anglediv 1 --angle-gens 60,90 --cost-fn spatsqrt --small-thresh 24 --small-thresh-limit --smallThreshDiv 3 
[01/06/15 00:17:50] ../run.sh 0.021 0.2 10 --no-clusters  --spat-weight 10 --trunc-angle  --freqweight 0 --angle-limit 0.2 --segment-scale-mult 1 --adopt 0 --dirbias 0 --cand-anglediv 1 --angle-gens 60,90 --cost-fn spatsqrt --small-thresh 24 --small-thresh-limit --smallThreshDiv 3 
