[09/26/14 11:53:52] ../run.sh 0.005 0.3 0.05 20 3D --freqweight 100 --angle-limit 0.3 --segment-scale-mult 1.5 --adopt 0 --dirbias 1 --cand-anglediv 1 --angle-gens 90 --cost-fn spatsqrt --small-thresh 128 --small-thresh-limit 
[09/26/14 12:33:32] ../run.sh 0.01 0.2 100 20 3D --freqweight 100 --angle-limit 0.2 --segment-scale-mult 1.5 --adopt 0 --dirbias 1 --cand-anglediv 1 --angle-gens 90 --cost-fn spatsqrt --small-thresh 128 --small-thresh-limit 
[09/26/14 13:04:43] ../run.sh 0.009 0.2 200 20 3D --freqweight 100 --angle-limit 0.2 --segment-scale-mult 1.5 --adopt 0 --dirbias 1 --cand-anglediv 1 --angle-gens 30,45 --cost-fn spatsqrt --small-thresh 32 --small-thresh-limit 
[09/26/14 13:06:37] ../run.sh 0.009 0.2 200 20 3D --freqweight 100 --angle-limit 0.2 --segment-scale-mult 1.5 --adopt 0 --dirbias 1 --cand-anglediv 5 --angle-gens 90 --cost-fn spatsqrt --small-thresh 96 --small-thresh-limit 
[09/26/14 13:45:48] ../run.sh 0.009 0.2 200 20 3D --freqweight 100 --angle-limit 0.2 --segment-scale-mult 1 --adopt 0 --dirbias 1 --cand-anglediv 5 --angle-gens 90 --cost-fn spatsqrt --small-thresh 96 --small-thresh-limit 
[09/26/14 14:20:24] ../run.sh 0.01 0.2 200 20 3D --freqweight 100 --angle-limit 0.2 --segment-scale-mult 1 --adopt 0 --dirbias 1 --cand-anglediv 5 --angle-gens 90 --cost-fn spatsqrt --small-thresh 128 --small-thresh-limit 
[09/26/14 16:59:04] ../run.sh 0.01 0.2 200 20 3D --freqweight 100 --angle-limit 0.2 --segment-scale-mult 1.5 --adopt 0 --dirbias 1 --cand-anglediv 10 --angle-gens 90 --cost-fn spatsqrt --small-thresh 128 --small-thresh-limit 
[09/26/14 17:12:41] ../run.sh 0.01 0.3 200 20 3D --freqweight 100 --angle-limit 0.3 --segment-scale-mult 1.25 --adopt 0 --dirbias 1 --cand-anglediv 5 --angle-gens 90 --cost-fn spatsqrt --small-thresh 128 --small-thresh-limit 
[09/26/14 17:23:18] ../run.sh 0.01 0.3 200 20 3D --freqweight 100 --angle-limit 0.3 --segment-scale-mult 1.25 --adopt 0 --dirbias 1 --cand-anglediv 5 --angle-gens 90 --cost-fn spatsqrt --small-thresh 128 --small-thresh-limit 
[09/26/14 17:53:13] ../run.sh 0.01 0.3 200 20 3D --freqweight 100 --angle-limit 0.3 --segment-scale-mult 1.25 --adopt 0 --dirbias 1 --cand-anglediv 5 --angle-gens 90 --cost-fn spatsqrt --small-thresh 128 --small-thresh-limit smallThreshDiv 1.3 
[09/26/14 17:56:39] ../run.sh 0.01 0.3 200 20 3D --freqweight 100 --angle-limit 0.3 --segment-scale-mult 1.25 --adopt 0 --dirbias 1 --cand-anglediv 5 --angle-gens 90 --cost-fn spatsqrt --small-thresh 128 --small-thresh-limit smallThreshDiv 1.3 
[01/09/15 07:47:32] ../run.sh 0.004 0.1 500 3 3D 384 --reprPwMult 10 --extendedAngleGens 90 --no-clusters  --spat-weight 0 --trunc-angle 0.1 --freqweight 0 --angle-limit 0.1 --segment-scale-mult 1 --adopt 0 --dirbias 0 --cand-anglediv 1 --angle-gens 0 --cost-fn spatsqrt --small-thresh 384 --small-thresh-limit --smallThreshDiv 2 --unary 10000 --cmp 0 
[01/09/15 07:48:54] ../run.sh 0.004 0.1 500 3 3D 384 --reprPwMult 10 --extendedAngleGens 90 --no-clusters  --spat-weight 0 --trunc-angle 0.1 --freqweight 0 --angle-limit 0.1 --segment-scale-mult 1 --adopt 0 --dirbias 0 --cand-anglediv 1 --angle-gens 0 --cost-fn spatsqrt --small-thresh 384 --small-thresh-limit --smallThreshDiv 2 --unary 10000 --cmp 0 
[01/09/15 07:49:57] ../run.sh 0.004 0.1 500 3 3D 384 --reprPwMult 10 --extendedAngleGens 90 --no-clusters  --spat-weight 0 --trunc-angle 0.1 --freqweight 0 --angle-limit 0.1 --segment-scale-mult 1 --adopt 0 --dirbias 0 --cand-anglediv 1 --angle-gens 0 --cost-fn spatsqrt --small-thresh 384 --small-thresh-limit --smallThreshDiv 2 --unary 10000 --cmp 0 
[01/09/15 07:51:11] ../run.sh 0.004 0.1 500 3 3D 384 --reprPwMult 10 --extendedAngleGens 90 --no-clusters  --spat-weight 0 --trunc-angle 0.1 --freqweight 0 --angle-limit 0.1 --segment-scale-mult 1 --adopt 0 --dirbias 0 --cand-anglediv 1 --angle-gens 0 --cost-fn spatsqrt --small-thresh 384 --small-thresh-limit --smallThreshDiv 2 --unary 10000 --cmp 0 
[01/09/15 07:51:21] ../run.sh 0.004 0.1 500 3 3D 384 --reprPwMult 10 --extendedAngleGens 90 --no-clusters  --spat-weight 0 --trunc-angle 0.1 --freqweight 0 --angle-limit 0.1 --segment-scale-mult 1 --adopt 0 --dirbias 0 --cand-anglediv 1 --angle-gens 0 --cost-fn spatsqrt --small-thresh 384 --small-thresh-limit --smallThreshDiv 2 --unary 10000 --cmp 0 
[01/09/15 07:55:30] ../run.sh 0.004 0.1 500 3 3D 384 --reprPwMult 10 --extendedAngleGens 90 --no-clusters  --spat-weight 0 --trunc-angle 0.1 --freqweight 0 --angle-limit 0.1 --segment-scale-mult 1 --adopt 0 --dirbias 0 --cand-anglediv 1 --angle-gens 0 --cost-fn spatsqrt --small-thresh 384 --small-thresh-limit --smallThreshDiv 2 --unary 10000 --cmp 0 
[01/09/15 08:15:47] ../run.sh 0.004 0.1 500 3 3D 384 --reprPwMult 10 --extendedAngleGens 90 --no-clusters  --spat-weight 0 --trunc-angle 0.1 --freqweight 0 --angle-limit 0.1 --segment-scale-mult 1 --adopt 0 --dirbias 0 --cand-anglediv 1 --angle-gens 0 --cost-fn spatsqrt --small-thresh 384 --small-thresh-limit --smallThreshDiv 2 --unary 10000 --cmp 0 
[01/09/15 08:18:18] ../run.sh 0.004 0.1 500 3 3D 384 --reprPwMult 10 --extendedAngleGens 90 --no-clusters  --spat-weight 0 --trunc-angle 0.1 --freqweight 0 --angle-limit 0.1 --segment-scale-mult 1 --adopt 0 --dirbias 0 --cand-anglediv 1 --angle-gens 0 --cost-fn spatsqrt --small-thresh 384 --small-thresh-limit --smallThreshDiv 2 --unary 10000 --cmp 0 
[01/09/15 08:18:43] ../run.sh 0.004 0.1 500 3 3D 384 --reprPwMult 10 --extendedAngleGens 90 --no-clusters  --spat-weight 0 --trunc-angle 0.1 --freqweight 0 --angle-limit 0.1 --segment-scale-mult 1 --adopt 0 --dirbias 0 --cand-anglediv 1 --angle-gens 0 --cost-fn spatsqrt --small-thresh 384 --small-thresh-limit --smallThreshDiv 2 --unary 10000 --cmp 0 
[01/09/15 08:20:26] ../run.sh 0.004 0.1 500 3 3D 384 --reprPwMult 10 --extendedAngleGens 90 --no-clusters  --spat-weight 0 --trunc-angle 0.1 --freqweight 0 --angle-limit 0.1 --segment-scale-mult 1 --adopt 0 --dirbias 0 --cand-anglediv 1 --angle-gens 0 --cost-fn spatsqrt --small-thresh 384 --small-thresh-limit --smallThreshDiv 2 --unary 10000 --cmp 0 
